/opt/conda/envs/xmask3d/lib/python3.9/site-packages/MinkowskiEngine/__init__.py:36: UserWarning: The environment variable `OMP_NUM_THREADS` not set. MinkowskiEngine will automatically set `OMP_NUM_THREADS=16`. If you want to set `OMP_NUM_THREADS` manually, please export it on the command line before running a python script. e.g. `export OMP_NUM_THREADS=12; python your_program.py`. It is recommended to set it below 24.
  warnings.warn(
/opt/conda/envs/xmask3d/lib/python3.9/site-packages/scipy/__init__.py:146: UserWarning: A NumPy version >=1.16.5 and <1.23.0 is required for this version of SciPy (detected version 1.26.4
  warnings.warn(f"A NumPy version >={np_minversion} and <{np_maxversion}"
/root/code/XMask3D/third_party/X-Decoder/xdecoder/modeling/vision/encoder/transformer_encoder_deform.py:317: FutureWarning: `torch.cuda.amp.autocast(args...)` is deprecated. Please use `torch.amp.autocast('cuda', args...)` instead.
  @autocast(enabled=False)
/opt/conda/envs/xmask3d/lib/python3.9/site-packages/kornia/feature/lightglue.py:30: FutureWarning: `torch.cuda.amp.custom_fwd(args...)` is deprecated. Please use `torch.amp.custom_fwd(args..., device_type='cuda')` instead.
  @torch.cuda.amp.custom_fwd(cast_inputs=torch.float32)
scene:
  scene_path: data/ScanNet
  dataset_name: scannet20
  test_cameras: false
  colmap_images: images
  colmap_eval_hold: 8
  downscale_ratio: 1
  white_background: false
  device: cuda:0
pipeline:
  convert_shs_python: false
  compute_cov3d_python: false
  debug: false
  seed: 0
model:
  sh_degree: 3
  model_dir: gaussians_model
  dynamic: false
  load_iteration: -1
  device: cuda:0
  num_workers: 0
fusion:
  img_dim:
  - 648
  - 484
  num_workers: 8
  model_2d: lseg
  depth: render
  depth_scale: 1000.0
  visibility_threshold: 0.05
  cut_boundary: 10
  n_split_points: 999999999
  num_rand_file_per_scene: 1
  out_dir: output_fusion
caption_head:
  NAME: CaptionHead
  POOLING_TYPE: avg
  FEAT_NORM: true
  LOGIT_SCALE:
    value: 100.0
    learnable: true
  CUDA_ENABLED: true
  POOL_OBJ: score
  LOSS_FUNC: NLL_NoReduce
  LOSS_WEIGHT:
    SCENE: 0.1
    VIEW: 0.5
    ENTITY: 0.1
  DIV_N_CAP: false
  DIV_MODE: none
  NOVEL_GRAD_ONLY: true
CAPTION_INFO:
  KEY:
  - SCENE
  - VIEW
  - ENTITY
  SCENE:
    ENABLED: false
    GATHER_CAPTION: true
  VIEW:
    ENABLED: true
    IMAGE_CORR_PATH: data/caption/small/scannet_view_matching_idx.pkl
    SELECT: ratio
    NUM: 1
    RATIO: 0.5
    GATHER_CAPTION: true
  ENTITY:
    ENABLED: true
    IMAGE_CORR_PATH: data/caption/small/caption_idx_small.pickle
    SELECT: ratio
    NUM: 1
    RATIO: 1.0
    GATHER_CAPTION: true
  CAPTION_CORR_PATH_IN_ONE_FILE: true
--config: config/scannet/xmask3d_scannet_B10N9.yaml
save_path: null
xdecoder_test/out/orihybgeo: null
resume: null
xdecoder_test/out/orihybgeo/model/affinity_predictor_epoch_34:
  pth: null

Loading teacher models...
/root/code/XMask3D/third_party/X-Decoder/xdecoder/modeling/BaseModel.py:26: FutureWarning: You are using `torch.load` with `weights_only=False` (the current default value), which uses the default pickle module implicitly. It is possible to construct malicious pickle data which will execute arbitrary code during unpickling (See https://github.com/pytorch/pytorch/blob/main/SECURITY.md#untrusted-models for more details). In a future release, the default value for `weights_only` will be flipped to `True`. This limits the functions that could be executed during unpickling. Arbitrary objects will no longer be allowed to be loaded via this mode unless they are explicitly allowlisted by the user via `torch.serialization.add_safe_globals`. We recommend you start setting `weights_only=True` for any use case where you don't have full control of the loaded file. Please open an issue on GitHub for any issues related to this experimental feature.
  state_dict = torch.load(load_dir, map_location=self.opt['device'])
Use prompt engineering: a XX in a scene
Final labelset: ['a wall in a scene', 'a floor in a scene', 'a cabinet in a scene', 'a bed in a scene', 'a chair in a scene', 'a sofa in a scene', 'a table in a scene', 'a door in a scene', 'a window in a scene', 'a bookshelf in a scene', 'a picture in a scene', 'a counter in a scene', 'a desk in a scene', 'a curtain in a scene', 'a refrigerator in a scene', 'a shower curtain in a scene', 'a toilet in a scene', 'a sink in a scene', 'a bathtub in a scene', 'background']
X-Decoder teacher loaded and frozen.
Loading checkpoint from HuggingFace: sonata ...
Model params: 108.46M
Sonata teacher loaded and frozen.
AffinityPredictor student created.
[2025-09-19 02:18:01,553 validation.py line 169] all_label: ['wall', 'floor', 'cabinet', 'bed', 'chair', 'sofa', 'table', 'door', 'window', 'bookshelf', 'picture', 'counter', 'desk', 'curtain', 'refrigerator', 'shower curtain', 'toilet', 'sink', 'bathtub']
arch_3d: MinkUNet34C
arch_binary_head: MinkUNet18A
aug: False
base_ratio: 0.65
batch_size: 4
batch_size_val: 1
binary_2d_thresh: 0.5
cam:
  alignment_dim: 512
  enable: True
  kl_temperature: 1.2
  loss_weight: 1.5
caption_contra: True
caption_contra_2d_pre: True
caption_contra_3d: True
caption_path: data/caption/caption_view_scannet_vit-gpt2-image-captioning_.json
category_split:
  all_category: [0, 1, 2, 3, 4, 5, 6, 7, 8, 9, 10, 11, 12, 13, 14, 15, 16, 17, 18]
  base_category: [0, 1, 2, 3, 4, 5, 6, 7, 8, 13]
  ignore_category: [19, 20]
  novel_category: [9, 10, 11, 12, 14, 15, 16, 17, 18]
classes: 10
clip_name: ViT-L-14
data_ratio: 0.5
data_root: data/scannet_3d
data_root_2d: data/scannet_2d
dist_backend: nccl
dist_url: tcp://127.0.0.1:6745
distributed: False
entity_gt:
  contrastive_temp: 0.07
  enable: True
entity_path: data/caption/small/caption_entity_scannet_vit-gpt2-image-captioning_small.json
epochs: 100
eval_freq: 2
evaluate: True
ignore_label: 10
infer_batch_size_val: 1
infer_gpu: [0]
infer_workers: 1
input_color: True
label: ['wall', 'floor', 'cabinet', 'bed', 'chair', 'sofa', 'table', 'door', 'window', 'curtain']
label_2d: [1, 2, 3, 4, 5, 6, 7, 8, 9, 10, 11, 12, 14, 16, 24, 28, 33, 34, 36, 39]
learning_rate_type: cosine
loop: 16
loss_weight:
  entity_gt_loss: 1.5
  loss_3d: 4
  loss_3d_contra: 1
  loss_3d_pure: 4
  loss_binary: 10
  loss_explicit_contra: 1.5
  loss_explicit_contra_2d_pre: 4
  loss_explicit_contra_3d: 1.5
  pseudo_label: 1
lr_3d: 0.0001
lr_others: 0.0001
lseg_model_path: pretrained/weights/lseg/demo_e200.ckpt
manual_seed: 5557
mask_contra_3d: True
mask_shape: [484, 648]
momentum: 0.9
multiprocessing_distributed: False
ngpus_per_node: 1
novel_ratio: 0.2
num_queries: 200
pixel_mean: [0.0, 0.0, 0.0]
pixel_std: [255.0, 255.0, 255.0]
power: 0.9
print_freq: 10
prompt_eng: True
pseudo_label:
  enable: True
  infer_boost_only_novel_pred: False
  infer_caption_boost_factor: 0.3
  infer_use_caption_boost: True
  scores_keep_thresh: 0.05
  temperature: 0.07
  use_view_entities: True
rank: 0
resume: xdecoder_test/out/orihybgeo/model/affinity_predictor_epoch_34.pth
save_freq: 1
save_path: xdecoder_test/out/orihybgeo
scannet200: False
scores_keep_thresh: 0
scores_threshold: 0.0
start_contra: 0
start_epoch: 0
test_classes: 19
test_ignore_label: [19, 20]
train_gpu: [0]
train_s: True
use_ape: False
use_shm: False
val_keep: 10000000
voxel_size: 0.02
warmup_epochs: 2
weight_decay: 1e-05
workers: 2
world_size: 1
[2025-09-19 02:18:01,553 validation.py line 170] => creating model ...
[2025-09-19 02:18:01,553 validation.py line 174] => setting up optimizer with differential learning rates...
[2025-09-19 02:18:01,572 validation.py line 212] => loading checkpoint 'xdecoder_test/out/orihybgeo/model/affinity_predictor_epoch_34.pth'
/root/code/XMask3D/xdecoder_test/validation.py:215: FutureWarning: You are using `torch.load` with `weights_only=False` (the current default value), which uses the default pickle module implicitly. It is possible to construct malicious pickle data which will execute arbitrary code during unpickling (See https://github.com/pytorch/pytorch/blob/main/SECURITY.md#untrusted-models for more details). In a future release, the default value for `weights_only` will be flipped to `True`. This limits the functions that could be executed during unpickling. Arbitrary objects will no longer be allowed to be loaded via this mode unless they are explicitly allowlisted by the user via `torch.serialization.add_safe_globals`. We recommend you start setting `weights_only=True` for any use case where you don't have full control of the loaded file. Please open an issue on GitHub for any issues related to this experimental feature.
  checkpoint = torch.load(args.resume, map_location=device)
[2025-09-19 02:18:02,034 validation.py line 256] => loaded checkpoint 'xdecoder_test/out/orihybgeo/model/affinity_predictor_epoch_34.pth' (will start from epoch 35)
Loading files based on specific_ids: ['scene0050_02', 'scene0144_01', 'scene0221_01', 'scene0300_01', 'scene0354_00', 'scene0389_00', 'scene0423_02', 'scene0427_00', 'scene0494_00', 'scene0616_00', 'scene0645_02', 'scene0693_00']
Loaded 12 files based on specific_ids
Preprocessing dataset to create (scene, view) samples...
Loading scene configs:   0%|          | 0/12 [00:00<?, ?it/s]Found pose directory, assuming ScanNet data set!
Loading Training Cameras...
Loading Test Cameras...
Loading scene configs:   8%|▊         | 1/12 [00:27<05:03, 27.57s/it]Found pose directory, assuming ScanNet data set!
Loading Training Cameras...
Loading Test Cameras...
Loading scene configs:  17%|█▋        | 2/12 [00:30<02:12, 13.26s/it]Found pose directory, assuming ScanNet data set!
Loading Training Cameras...
Loading Test Cameras...
Loading scene configs:  25%|██▌       | 3/12 [00:37<01:32, 10.29s/it]Found pose directory, assuming ScanNet data set!
Loading Training Cameras...
Loading Test Cameras...
Loading scene configs:  33%|███▎      | 4/12 [00:48<01:25, 10.66s/it]Found pose directory, assuming ScanNet data set!
Loading Training Cameras...
Loading Test Cameras...
Loading scene configs:  42%|████▏     | 5/12 [00:51<00:54,  7.72s/it]Found pose directory, assuming ScanNet data set!
Loading Training Cameras...
Loading Test Cameras...
Loading scene configs:  50%|█████     | 6/12 [01:00<00:50,  8.38s/it]Found pose directory, assuming ScanNet data set!
Loading Training Cameras...
Loading Test Cameras...
Loading scene configs:  58%|█████▊    | 7/12 [01:06<00:36,  7.37s/it]Found pose directory, assuming ScanNet data set!
Loading Training Cameras...
Loading Test Cameras...
Loading scene configs:  67%|██████▋   | 8/12 [01:14<00:31,  7.79s/it]Found pose directory, assuming ScanNet data set!
Loading Training Cameras...
Loading Test Cameras...
Loading scene configs:  75%|███████▌  | 9/12 [01:19<00:20,  6.74s/it]Found pose directory, assuming ScanNet data set!
Loading Training Cameras...
Loading Test Cameras...
Loading scene configs:  83%|████████▎ | 10/12 [01:40<00:22, 11.32s/it]Found pose directory, assuming ScanNet data set!
Loading Training Cameras...
Loading Test Cameras...
Loading scene configs:  92%|█████████▏| 11/12 [01:59<00:13, 13.63s/it]Found pose directory, assuming ScanNet data set!
Loading Training Cameras...
Loading Test Cameras...
Loading scene configs: 100%|██████████| 12/12 [02:09<00:00, 12.46s/it]Loading scene configs: 100%|██████████| 12/12 [02:09<00:00, 10.80s/it]
Dataset created with 1072 total views.
[2025-09-19 02:20:11,833 validation.py line 364] => setting up learning rate scheduler (Warmup + Cosine Annealing)...
/opt/conda/envs/xmask3d/lib/python3.9/site-packages/scipy/__init__.py:146: UserWarning: A NumPy version >=1.16.5 and <1.23.0 is required for this version of SciPy (detected version 1.26.4
  warnings.warn(f"A NumPy version >={np_minversion} and <{np_maxversion}"
/root/code/XMask3D/third_party/X-Decoder/xdecoder/modeling/vision/encoder/transformer_encoder_deform.py:317: FutureWarning: `torch.cuda.amp.autocast(args...)` is deprecated. Please use `torch.amp.autocast('cuda', args...)` instead.
  @autocast(enabled=False)
/opt/conda/envs/xmask3d/lib/python3.9/site-packages/kornia/feature/lightglue.py:30: FutureWarning: `torch.cuda.amp.custom_fwd(args...)` is deprecated. Please use `torch.amp.custom_fwd(args..., device_type='cuda')` instead.
  @torch.cuda.amp.custom_fwd(cast_inputs=torch.float32)
/root/code/XMask3D/dataset/data_loader_ablation.py:210: FutureWarning: You are using `torch.load` with `weights_only=False` (the current default value), which uses the default pickle module implicitly. It is possible to construct malicious pickle data which will execute arbitrary code during unpickling (See https://github.com/pytorch/pytorch/blob/main/SECURITY.md#untrusted-models for more details). In a future release, the default value for `weights_only` will be flipped to `True`. This limits the functions that could be executed during unpickling. Arbitrary objects will no longer be allowed to be loaded via this mode unless they are explicitly allowlisted by the user via `torch.serialization.add_safe_globals`. We recommend you start setting `weights_only=True` for any use case where you don't have full control of the loaded file. Please open an issue on GitHub for any issues related to this experimental feature.
  locs_in, feats_in, labels_in = torch.load(scene_data_path)
/opt/conda/envs/xmask3d/lib/python3.9/site-packages/imageio/plugins/pillow.py:320: UserWarning: Loading 16-bit (uint16) PNG as int32 due to limitations in pillow's PNG decoder. This will be fixed in a future version of pillow which will make this warning dissapear.
  warnings.warn(
Procressing 219 views
[2025-09-19 02:22:58,968 validation.py line 570] Process: [0/12]
[2025-09-19 02:22:58,975 validation.py line 620] Raw stats Base: intersection [50488. 18670.     0.     0. 10520.  6960.     0. 41715.     0.     0.], union [60836. 23034.  3018.     0. 16340. 11753.  4156. 53784.   686.   327.], target [59974. 20236.     0.     0. 11301.  8320.  3777. 47943.     0.     0.]
[2025-09-19 02:22:58,975 validation.py line 623] Raw stats Novel: intersection [   0.    0.    0. 2087.    0.    0.    0.    0.    0.], union [ 193.    0.    7. 5228.  865. 2851.    0.    0.    0.], target [   0.    0.    0. 4343.  865.    0.    0.    0.    0.]
[2025-09-19 02:22:58,976 validation.py line 626] Raw stats All: intersection [50488. 18670.     0.     0. 10520.  6960.     0. 41715.     0.     0.
     0.     0.  2087.     0.     0.     0.     0.     0.     0.], union [6.0836e+04 2.3034e+04 3.0180e+03 0.0000e+00 1.6340e+04 1.1753e+04
 4.1560e+03 5.3784e+04 6.8600e+02 1.9300e+02 0.0000e+00 7.0000e+00
 5.2280e+03 3.2700e+02 8.6500e+02 2.8510e+03 0.0000e+00 0.0000e+00
 0.0000e+00], target [59974. 20236.     0.     0. 11301.  8320.  3777. 47943.     0.     0.
     0.     0.  4343.     0.   865.     0.     0.     0.     0.]
[2025-09-19 02:22:58,976 validation.py line 631] Val 2d result: mIoU_Base/mAcc_Base/allAcc_Base 0.3652/0.4402/0.8469.
[2025-09-19 02:22:58,976 validation.py line 636] Val 2d result: mIoU_Novel/mAcc_Novel/allAcc_Novel 0.0444/0.0534/0.4007.
[2025-09-19 02:22:58,976 validation.py line 643] Val 2d result: mIoU_All/mAcc_All/allAcc_All 0.2132/0.2570/0.8321.
[2025-09-19 02:22:58,976 validation.py line 649] iou_class_Base '[0.82990336 0.8105409  0.         0.         0.64381886 0.59218925
 0.         0.7756024  0.         0.        ]'
[2025-09-19 02:22:58,976 validation.py line 650] iou_class_Novel '[0.         0.         0.         0.39919662 0.         0.
 0.         0.         0.        ]'
[2025-09-19 02:22:58,976 validation.py line 651] iou_class_All '[0.82990336 0.8105409  0.         0.         0.64381886 0.59218925
 0.         0.7756024  0.         0.         0.         0.
 0.39919662 0.         0.         0.         0.         0.
 0.        ]'
Procressing 68 views
[2025-09-19 02:23:40,148 validation.py line 570] Process: [1/12]
[2025-09-19 02:23:40,156 validation.py line 620] Raw stats Base: intersection [70555. 27949.     0.  6670. 18000.  6960.     0. 44235.  4393.  3134.], union [85448. 36171.  3804.  8496. 28236. 11753.  4156. 58515.  6304.  5048.], target [83111. 32568.     0.  7982. 18892.  8320.  3777. 52463.  4393.  4719.]
[2025-09-19 02:23:40,157 validation.py line 623] Raw stats Novel: intersection [   0.    0.    0. 5757.    0.    0.    0.    0.    0.], union [ 1029.     0.    77. 10024.   928.  3388.     0.     0.     0.], target [   0.    0.    0. 8425.  865.    0.    0.    0.    0.]
[2025-09-19 02:23:40,157 validation.py line 626] Raw stats All: intersection [70555. 27949.     0.  6670. 18000.  6960.     0. 44235.  4393.     0.
     0.     0.  5757.  3134.     0.     0.     0.     0.     0.], union [8.5448e+04 3.6171e+04 3.8040e+03 8.4960e+03 2.8236e+04 1.1753e+04
 4.1560e+03 5.8515e+04 6.3040e+03 1.0290e+03 0.0000e+00 7.7000e+01
 1.0024e+04 5.0480e+03 9.2800e+02 3.3880e+03 0.0000e+00 0.0000e+00
 0.0000e+00], target [83111. 32568.     0.  7982. 18892.  8320.  3777. 52463.  4393.     0.
     0.     0.  8425.  4719.   865.     0.     0.     0.     0.]
[2025-09-19 02:23:40,157 validation.py line 631] Val 2d result: mIoU_Base/mAcc_Base/allAcc_Base 0.5687/0.6839/0.8412.
[2025-09-19 02:23:40,157 validation.py line 636] Val 2d result: mIoU_Novel/mAcc_Novel/allAcc_Novel 0.0638/0.0759/0.6197.
[2025-09-19 02:23:40,157 validation.py line 643] Val 2d result: mIoU_All/mAcc_All/allAcc_All 0.3295/0.3959/0.8321.
[2025-09-19 02:23:40,157 validation.py line 649] iou_class_Base '[0.82570684 0.77269083 0.         0.7850753  0.6374841  0.59218925
 0.         0.75596    0.6968591  0.62083995]'
[2025-09-19 02:23:40,158 validation.py line 650] iou_class_Novel '[0.        0.        0.        0.5743216 0.        0.        0.
 0.        0.       ]'
[2025-09-19 02:23:40,158 validation.py line 651] iou_class_All '[0.82570684 0.77269083 0.         0.7850753  0.6374841  0.59218925
 0.         0.75596    0.6968591  0.         0.         0.
 0.5743216  0.62083995 0.         0.         0.         0.
 0.        ]'
Procressing 39 views
[2025-09-19 02:24:22,505 validation.py line 570] Process: [2/12]
[2025-09-19 02:24:22,515 validation.py line 620] Raw stats Base: intersection [101666.  56994.   1222.  27442.  24514.   6960.   1274.  52920.   4393.
   3872.], union [129579.  74863.   7951.  33934.  40582.  11753.   6471.  70010.   6304.
   6742.], target [122860.  65206.   3043.  30466.  26462.   8320.   6015.  61839.   4393.
   6411.]
[2025-09-19 02:24:22,515 validation.py line 623] Raw stats Novel: intersection [   0.    0.    0. 6296.    0.    0.    0.    0.    0.], union [ 1029.  2572.  4155. 15320.   928.  3447.   327.     0.   124.], target [    0.  2572.     0. 13370.   865.     0.     0.     0.     0.]
[2025-09-19 02:24:22,516 validation.py line 626] Raw stats All: intersection [101666.  56994.   1222.  27442.  24514.   6960.   1274.  52920.   4393.
      0.      0.      0.   6296.   3872.      0.      0.      0.      0.
      0.], union [1.29579e+05 7.48630e+04 7.95100e+03 3.39340e+04 4.05820e+04 1.17530e+04
 6.47100e+03 7.00100e+04 6.30400e+03 1.02900e+03 2.57200e+03 4.15500e+03
 1.53200e+04 6.74200e+03 9.28000e+02 3.44700e+03 3.27000e+02 0.00000e+00
 1.24000e+02], target [122860.  65206.   3043.  30466.  26462.   8320.   6015.  61839.   4393.
      0.   2572.      0.  13370.   6411.    865.      0.      0.      0.
      0.]
[2025-09-19 02:24:22,516 validation.py line 631] Val 2d result: mIoU_Base/mAcc_Base/allAcc_Base 0.5928/0.7438/0.8395.
[2025-09-19 02:24:22,516 validation.py line 636] Val 2d result: mIoU_Novel/mAcc_Novel/allAcc_Novel 0.0457/0.0523/0.3746.
[2025-09-19 02:24:22,516 validation.py line 643] Val 2d result: mIoU_All/mAcc_All/allAcc_All 0.3337/0.4163/0.8173.
[2025-09-19 02:24:22,516 validation.py line 649] iou_class_Base '[0.784587   0.76131064 0.15369137 0.80868745 0.6040609  0.59218925
 0.19687837 0.75589204 0.6968591  0.5743103 ]'
[2025-09-19 02:24:22,516 validation.py line 650] iou_class_Novel '[0.         0.         0.         0.41096607 0.         0.
 0.         0.         0.        ]'
[2025-09-19 02:24:22,516 validation.py line 651] iou_class_All '[0.784587   0.76131064 0.15369137 0.80868745 0.6040609  0.59218925
 0.19687837 0.75589204 0.6968591  0.         0.         0.
 0.41096607 0.5743103  0.         0.         0.         0.
 0.        ]'
Procressing 88 views
[2025-09-19 02:25:31,881 validation.py line 570] Process: [3/12]
[2025-09-19 02:25:31,890 validation.py line 620] Raw stats Base: intersection [124841.  85651.   1222.  27442.  30639.   6960.   1274.  52920.  21503.
   3872.], union [168883. 106417.   9333.  33934.  47763.  11753.   7278.  70606.  28847.
   6742.], target [152007.  93935.   3043.  30466.  32945.   8320.   6015.  61839.  26929.
   6411.]
[2025-09-19 02:25:31,891 validation.py line 623] Raw stats Novel: intersection [48221.     0.     0. 13953.     0.     0.     0.     0.     0.], union [53941.  6838.  9691. 26862.   928.  3447.   327.     0.   124.], target [52885.  6838.     0. 23608.   865.     0.     0.     0.     0.]
[2025-09-19 02:25:31,891 validation.py line 626] Raw stats All: intersection [124841.  85651.   1222.  27442.  30639.   6960.   1274.  52920.  21503.
  48221.      0.      0.  13953.   3872.      0.      0.      0.      0.
      0.], union [1.68883e+05 1.06417e+05 9.33300e+03 3.39340e+04 4.77630e+04 1.17530e+04
 7.27800e+03 7.06060e+04 2.88470e+04 5.39410e+04 6.83800e+03 9.69100e+03
 2.68620e+04 6.74200e+03 9.28000e+02 3.44700e+03 3.27000e+02 0.00000e+00
 1.24000e+02], target [152007.  93935.   3043.  30466.  32945.   8320.   6015.  61839.  26929.
  52885.   6838.      0.  23608.   6411.    865.      0.      0.      0.
      0.]
[2025-09-19 02:25:31,892 validation.py line 631] Val 2d result: mIoU_Base/mAcc_Base/allAcc_Base 0.5962/0.7272/0.8445.
[2025-09-19 02:25:31,892 validation.py line 636] Val 2d result: mIoU_Novel/mAcc_Novel/allAcc_Novel 0.1570/0.1670/0.7384.
[2025-09-19 02:25:31,892 validation.py line 643] Val 2d result: mIoU_All/mAcc_All/allAcc_All 0.3882/0.4618/0.8269.
[2025-09-19 02:25:31,892 validation.py line 649] iou_class_Base '[0.7392159  0.804862   0.13093325 0.80868745 0.6414798  0.59218925
 0.17504808 0.74951136 0.74541545 0.5743103 ]'
[2025-09-19 02:25:31,892 validation.py line 650] iou_class_Novel '[0.8939582  0.         0.         0.51943266 0.         0.
 0.         0.         0.        ]'
[2025-09-19 02:25:31,892 validation.py line 651] iou_class_All '[0.7392159  0.804862   0.13093325 0.80868745 0.6414798  0.59218925
 0.17504808 0.74951136 0.74541545 0.8939582  0.         0.
 0.51943266 0.5743103  0.         0.         0.         0.
 0.        ]'
Procressing 57 views
[2025-09-19 02:26:11,933 validation.py line 570] Process: [4/12]
[2025-09-19 02:26:11,943 validation.py line 620] Raw stats Base: intersection [151558. 104827.   1222.  27442.  53132.   6960.   2868.  55739.  22359.
   3872.], union [199546. 140208.   9522.  33934.  79673.  11753.  14209.  78882.  35263.
   6742.], target [180927. 125106.   3043.  30466.  55459.   8320.  12946.  64779.  33094.
   6411.]
[2025-09-19 02:26:11,943 validation.py line 623] Raw stats Novel: intersection [48221.     0.     0. 13953.     0.     0.     0.     0.     0.], union [53941.  6838.  9704. 32300.   928.  3447.   327.     0.   124.], target [52885.  6838.     0. 23608.   865.     0.     0.     0.     0.]
[2025-09-19 02:26:11,944 validation.py line 626] Raw stats All: intersection [151558. 104827.   1222.  27442.  53132.   6960.   2868.  55739.  22359.
  48221.      0.      0.  13953.   3872.      0.      0.      0.      0.
      0.], union [1.99546e+05 1.40208e+05 9.52200e+03 3.39340e+04 7.96730e+04 1.17530e+04
 1.42090e+04 7.88820e+04 3.52630e+04 5.39410e+04 6.83800e+03 9.70400e+03
 3.23000e+04 6.74200e+03 9.28000e+02 3.44700e+03 3.27000e+02 0.00000e+00
 1.24000e+02], target [180927. 125106.   3043.  30466.  55459.   8320.  12946.  64779.  33094.
  52885.   6838.      0.  23608.   6411.    865.      0.      0.      0.
      0.]
[2025-09-19 02:26:11,944 validation.py line 631] Val 2d result: mIoU_Base/mAcc_Base/allAcc_Base 0.5820/0.7134/0.8260.
[2025-09-19 02:26:11,944 validation.py line 636] Val 2d result: mIoU_Novel/mAcc_Novel/allAcc_Novel 0.1473/0.1670/0.7384.
[2025-09-19 02:26:11,944 validation.py line 643] Val 2d result: mIoU_All/mAcc_All/allAcc_All 0.3761/0.4546/0.8138.
[2025-09-19 02:26:11,944 validation.py line 649] iou_class_Base '[0.7595141  0.7476535  0.12833439 0.80868745 0.66687584 0.59218925
 0.2018439  0.7066124  0.634064   0.5743103 ]'
[2025-09-19 02:26:11,945 validation.py line 650] iou_class_Novel '[0.8939582 0.        0.        0.4319814 0.        0.        0.
 0.        0.       ]'
[2025-09-19 02:26:11,945 validation.py line 651] iou_class_All '[0.7595141  0.7476535  0.12833439 0.80868745 0.66687584 0.59218925
 0.2018439  0.7066124  0.634064   0.8939582  0.         0.
 0.4319814  0.5743103  0.         0.         0.         0.
 0.        ]'
Procressing 71 views
[2025-09-19 02:27:09,793 validation.py line 570] Process: [5/12]
[2025-09-19 02:27:09,802 validation.py line 620] Raw stats Base: intersection [215902. 132666.   8411.  47347.  57983.   6960.   4444.  60654.  22359.
   7914.], union [278958. 173926.  18554.  57618.  88332.  11753.  17107.  90384.  35263.
  18712.], target [257432. 154345.  10760.  51901.  60642.   8320.  15777.  70838.  33094.
  18341.]
[2025-09-19 02:27:09,803 validation.py line 623] Raw stats Novel: intersection [48221.     0.     0. 13953.   916.     0.     0.     0.     0.], union [53941.  8329.  9711. 32300.  2410. 11492.   327.     0.   331.], target [52885.  8329.     0. 23608.  2317.     0.     0.     0.     0.]
[2025-09-19 02:27:09,804 validation.py line 626] Raw stats All: intersection [215902. 132666.   8411.  47347.  57983.   6960.   4444.  60654.  22359.
  48221.      0.      0.  13953.   7914.    916.      0.      0.      0.
      0.], union [278958. 173926.  18554.  57618.  88332.  11753.  17107.  90384.  35263.
  53941.   8329.   9711.  32300.  18712.   2410.  11492.    327.      0.
    331.], target [257432. 154345.  10760.  51901.  60642.   8320.  15777.  70838.  33094.
  52885.   8329.      0.  23608.  18341.   2317.      0.      0.      0.
      0.]
[2025-09-19 02:27:09,804 validation.py line 631] Val 2d result: mIoU_Base/mAcc_Base/allAcc_Base 0.6048/0.7430/0.8286.
[2025-09-19 02:27:09,804 validation.py line 636] Val 2d result: mIoU_Novel/mAcc_Novel/allAcc_Novel 0.1896/0.2109/0.7240.
[2025-09-19 02:27:09,804 validation.py line 643] Val 2d result: mIoU_All/mAcc_All/allAcc_All 0.4081/0.4910/0.8167.
[2025-09-19 02:27:09,804 validation.py line 649] iou_class_Base '[0.7739588  0.7627727  0.45332542 0.82173973 0.65642124 0.59218925
 0.2597767  0.6710701  0.634064   0.42293715]'
[2025-09-19 02:27:09,804 validation.py line 650] iou_class_Novel '[0.8939582 0.        0.        0.4319814 0.380083  0.        0.
 0.        0.       ]'
[2025-09-19 02:27:09,805 validation.py line 651] iou_class_All '[0.7739588  0.7627727  0.45332542 0.82173973 0.65642124 0.59218925
 0.2597767  0.6710701  0.634064   0.8939582  0.         0.
 0.4319814  0.42293715 0.380083   0.         0.         0.
 0.        ]'
Procressing 43 views
[2025-09-19 02:27:50,524 validation.py line 570] Process: [6/12]
[2025-09-19 02:27:50,531 validation.py line 620] Raw stats Base: intersection [215902. 166724.   8411.  47347.  76667.   6960.   6056.  60654.  22359.
   7914.], union [278964. 208201.  18554.  57618. 107072.  11753.  18874.  90384.  35263.
  18712.], target [257432. 188414.  10760.  51901.  79377.   8320.  17544.  70838.  33094.
  18341.]
[2025-09-19 02:27:50,531 validation.py line 623] Raw stats Novel: intersection [48221.     0.     0. 13953.   916.     0.     0.     0.     0.], union [53941.  8329.  9711. 32300.  2410. 11492.   327.     0.   331.], target [52885.  8329.     0. 23608.  2317.     0.     0.     0.     0.]
[2025-09-19 02:27:50,532 validation.py line 626] Raw stats All: intersection [215902. 166724.   8411.  47347.  76667.   6960.   6056.  60654.  22359.
  48221.      0.      0.  13953.   7914.    916.      0.      0.      0.
      0.], union [278964. 208201.  18554.  57618. 107072.  11753.  18874.  90384.  35263.
  53941.   8329.   9711.  32300.  18712.   2410.  11492.    327.      0.
    331.], target [257432. 188414.  10760.  51901.  79377.   8320.  17544.  70838.  33094.
  52885.   8329.      0.  23608.  18341.   2317.      0.      0.      0.
      0.]
[2025-09-19 02:27:50,532 validation.py line 631] Val 2d result: mIoU_Base/mAcc_Base/allAcc_Base 0.6207/0.7528/0.8410.
[2025-09-19 02:27:50,532 validation.py line 636] Val 2d result: mIoU_Novel/mAcc_Novel/allAcc_Novel 0.1896/0.2109/0.7240.
[2025-09-19 02:27:50,532 validation.py line 643] Val 2d result: mIoU_All/mAcc_All/allAcc_All 0.4165/0.4961/0.8286.
[2025-09-19 02:27:50,532 validation.py line 649] iou_class_Base '[0.7739422  0.8007839  0.45332542 0.82173973 0.7160322  0.59218925
 0.32086468 0.6710701  0.634064   0.42293715]'
[2025-09-19 02:27:50,532 validation.py line 650] iou_class_Novel '[0.8939582 0.        0.        0.4319814 0.380083  0.        0.
 0.        0.       ]'
[2025-09-19 02:27:50,533 validation.py line 651] iou_class_All '[0.7739422  0.8007839  0.45332542 0.82173973 0.7160322  0.59218925
 0.32086468 0.6710701  0.634064   0.8939582  0.         0.
 0.4319814  0.42293715 0.380083   0.         0.         0.
 0.        ]'
Procressing 66 views
[2025-09-19 02:28:23,865 validation.py line 570] Process: [7/12]
[2025-09-19 02:28:23,873 validation.py line 620] Raw stats Base: intersection [238793. 183988.   8411.  47347.  88126.   6960.   8500.  63761.  22359.
   7914.], union [309015. 231311.  18554.  57618. 124478.  11753.  21643.  93912.  37580.
  18712.], target [285288. 206963.  10760.  51901.  93014.   8320.  20006.  74190.  35411.
  18341.]
[2025-09-19 02:28:23,874 validation.py line 623] Raw stats Novel: intersection [48221.     0.     0. 13953.   916.     0.     0.     0.     0.], union [53941.  8329.  9711. 32300.  2410. 11492.   327.     0.   331.], target [52885.  8329.     0. 23608.  2317.     0.     0.     0.     0.]
[2025-09-19 02:28:23,874 validation.py line 626] Raw stats All: intersection [238793. 183988.   8411.  47347.  88126.   6960.   8500.  63761.  22359.
  48221.      0.      0.  13953.   7914.    916.      0.      0.      0.
      0.], union [309015. 231311.  18554.  57618. 124478.  11753.  21643.  93912.  37580.
  53941.   8329.   9711.  32300.  18712.   2410.  11492.    327.      0.
    331.], target [285288. 206963.  10760.  51901.  93014.   8320.  20006.  74190.  35411.
  52885.   8329.      0.  23608.  18341.   2317.      0.      0.      0.
      0.]
[2025-09-19 02:28:23,874 validation.py line 631] Val 2d result: mIoU_Base/mAcc_Base/allAcc_Base 0.6233/0.7551/0.8408.
[2025-09-19 02:28:23,875 validation.py line 636] Val 2d result: mIoU_Novel/mAcc_Novel/allAcc_Novel 0.1896/0.2109/0.7240.
[2025-09-19 02:28:23,875 validation.py line 643] Val 2d result: mIoU_All/mAcc_All/allAcc_All 0.4178/0.4973/0.8294.
[2025-09-19 02:28:23,875 validation.py line 649] iou_class_Base '[0.7727554  0.795414   0.45332542 0.82173973 0.7079645  0.59218925
 0.39273667 0.6789441  0.5949707  0.42293715]'
[2025-09-19 02:28:23,875 validation.py line 650] iou_class_Novel '[0.8939582 0.        0.        0.4319814 0.380083  0.        0.
 0.        0.       ]'
[2025-09-19 02:28:23,875 validation.py line 651] iou_class_All '[0.7727554  0.795414   0.45332542 0.82173973 0.7079645  0.59218925
 0.39273667 0.6789441  0.5949707  0.8939582  0.         0.
 0.4319814  0.42293715 0.380083   0.         0.         0.
 0.        ]'
Procressing 37 views
[2025-09-19 02:28:42,518 validation.py line 570] Process: [8/12]
[2025-09-19 02:28:42,526 validation.py line 620] Raw stats Base: intersection [255686. 204256.   8411.  47347.  96762.   6960.   8500.  67027.  22359.
   7914.], union [327907. 253988.  18554.  57618. 134030.  11753.  24486.  98728.  38506.
  18712.], target [303933. 227915.  10760.  51901. 101718.   8320.  22849.  77785.  36337.
  18341.]
[2025-09-19 02:28:42,526 validation.py line 623] Raw stats Novel: intersection [48221.     0.     0. 13953.   916.     0.     0.     0.     0.], union [53941.  8329.  9733. 34839.  2410. 11492.   327.     0.   331.], target [52885.  8329.     0. 23608.  2317.     0.     0.     0.     0.]
[2025-09-19 02:28:42,527 validation.py line 626] Raw stats All: intersection [255686. 204256.   8411.  47347.  96762.   6960.   8500.  67027.  22359.
  48221.      0.      0.  13953.   7914.    916.      0.      0.      0.
      0.], union [3.27907e+05 2.53988e+05 1.85540e+04 5.76180e+04 1.34030e+05 1.17530e+04
 2.44860e+04 9.87280e+04 3.85060e+04 5.39410e+04 8.32900e+03 9.73300e+03
 3.48390e+04 1.87120e+04 2.41000e+03 1.14920e+04 3.27000e+02 0.00000e+00
 3.31000e+02], target [303933. 227915.  10760.  51901. 101718.   8320.  22849.  77785.  36337.
  52885.   8329.      0.  23608.  18341.   2317.      0.      0.      0.
      0.]
[2025-09-19 02:28:42,527 validation.py line 631] Val 2d result: mIoU_Base/mAcc_Base/allAcc_Base 0.6203/0.7500/0.8434.
[2025-09-19 02:28:42,527 validation.py line 636] Val 2d result: mIoU_Novel/mAcc_Novel/allAcc_Novel 0.1861/0.2109/0.7240.
[2025-09-19 02:28:42,527 validation.py line 643] Val 2d result: mIoU_All/mAcc_All/allAcc_All 0.4146/0.4946/0.8324.
[2025-09-19 02:28:42,527 validation.py line 649] iou_class_Base '[0.7797516  0.80419546 0.45332542 0.82173973 0.72194284 0.59218925
 0.34713715 0.67890567 0.5806627  0.42293715]'
[2025-09-19 02:28:42,527 validation.py line 650] iou_class_Novel '[0.8939582  0.         0.         0.40049943 0.380083   0.
 0.         0.         0.        ]'
[2025-09-19 02:28:42,528 validation.py line 651] iou_class_All '[0.7797516  0.80419546 0.45332542 0.82173973 0.72194284 0.59218925
 0.34713715 0.67890567 0.5806627  0.8939582  0.         0.
 0.40049943 0.42293715 0.380083   0.         0.         0.
 0.        ]'
Procressing 151 views
[2025-09-19 02:30:43,512 validation.py line 570] Process: [9/12]
[2025-09-19 02:30:43,519 validation.py line 620] Raw stats Base: intersection [329908. 233272.   8411.  47347. 121071.   6960.  14946.  90918.  31606.
   7914.], union [440262. 288540.  18554.  57618. 160957.  12025.  31643. 133961.  48557.
  18712.], target [391476. 258316.  10760.  51901. 126597.   8320.  29618. 103638.  46132.
  18341.]
[2025-09-19 02:30:43,519 validation.py line 623] Raw stats Novel: intersection [48221.     0.     0. 13953.   916.     0.     0.     0.     0.], union [53941. 31527.  9733. 34839.  2410. 11492.   327.     0.   331.], target [52885. 31527.     0. 23608.  2317.     0.     0.     0.     0.]
[2025-09-19 02:30:43,520 validation.py line 626] Raw stats All: intersection [329908. 233272.   8411.  47347. 121071.   6960.  14946.  90918.  31606.
  48221.      0.      0.  13953.   7914.    916.      0.      0.      0.
      0.], union [4.40262e+05 2.88540e+05 1.85540e+04 5.76180e+04 1.60957e+05 1.20250e+04
 3.16430e+04 1.33961e+05 4.85570e+04 5.39410e+04 3.15270e+04 9.73300e+03
 3.48390e+04 1.87120e+04 2.41000e+03 1.14920e+04 3.27000e+02 0.00000e+00
 3.31000e+02], target [391476. 258316.  10760.  51901. 126597.   8320.  29618. 103638.  46132.
  52885.  31527.      0.  23608.  18341.   2317.      0.      0.      0.
      0.]
[2025-09-19 02:30:43,520 validation.py line 631] Val 2d result: mIoU_Base/mAcc_Base/allAcc_Base 0.6389/0.7731/0.8538.
[2025-09-19 02:30:43,520 validation.py line 636] Val 2d result: mIoU_Novel/mAcc_Novel/allAcc_Novel 0.1861/0.2109/0.5718.
[2025-09-19 02:30:43,520 validation.py line 643] Val 2d result: mIoU_All/mAcc_All/allAcc_All 0.4244/0.5068/0.8269.
[2025-09-19 02:30:43,520 validation.py line 649] iou_class_Base '[0.7493447  0.80845636 0.45332542 0.82173973 0.7521947  0.5787942
 0.47233194 0.6786901  0.65090513 0.42293715]'
[2025-09-19 02:30:43,520 validation.py line 650] iou_class_Novel '[0.8939582  0.         0.         0.40049943 0.380083   0.
 0.         0.         0.        ]'
[2025-09-19 02:30:43,520 validation.py line 651] iou_class_All '[0.7493447  0.80845636 0.45332542 0.82173973 0.7521947  0.5787942
 0.47233194 0.6786901  0.65090513 0.8939582  0.         0.
 0.40049943 0.42293715 0.380083   0.         0.         0.
 0.        ]'
Procressing 146 views
[2025-09-19 02:32:40,788 validation.py line 570] Process: [10/12]
[2025-09-19 02:32:40,795 validation.py line 620] Raw stats Base: intersection [402978. 273332.  13586.  65168. 132848.  15165.  20852.  96445.  35078.
  16880.], union [527798. 337252.  26550.  80400. 179804.  22350.  43985. 141669.  53131.
  30485.], target [473713. 302941.  16966.  72862. 139646.  17941.  38456. 110037.  50416.
  28989.]
[2025-09-19 02:32:40,795 validation.py line 623] Raw stats Novel: intersection [48221.     0.     0. 18932.   916.     0.     0.     0.     0.], union [53941. 33122.  9733. 44017.  2410. 11795.   366.     0.   331.], target [52885. 33122.     0. 29479.  2317.     0.     0.     0.     0.]
[2025-09-19 02:32:40,796 validation.py line 626] Raw stats All: intersection [402978. 273332.  13586.  65168. 132848.  15165.  20852.  96445.  35078.
  48221.      0.      0.  18932.  16880.    916.      0.      0.      0.
      0.], union [5.27798e+05 3.37252e+05 2.65500e+04 8.04000e+04 1.79804e+05 2.23500e+04
 4.39850e+04 1.41669e+05 5.31310e+04 5.39410e+04 3.31220e+04 9.73300e+03
 4.40170e+04 3.04850e+04 2.41000e+03 1.17950e+04 3.66000e+02 0.00000e+00
 3.31000e+02], target [473713. 302941.  16966.  72862. 139646.  17941.  38456. 110037.  50416.
  52885.  33122.      0.  29479.  28989.   2317.      0.      0.      0.
      0.]
[2025-09-19 02:32:40,796 validation.py line 631] Val 2d result: mIoU_Base/mAcc_Base/allAcc_Base 0.6682/0.7941/0.8565.
[2025-09-19 02:32:40,796 validation.py line 636] Val 2d result: mIoU_Novel/mAcc_Novel/allAcc_Novel 0.1893/0.2166/0.5778.
[2025-09-19 02:32:40,796 validation.py line 643] Val 2d result: mIoU_All/mAcc_All/allAcc_All 0.4414/0.5206/0.8325.
[2025-09-19 02:32:40,796 validation.py line 649] iou_class_Base '[0.763508   0.81046814 0.51171374 0.8105473  0.738849   0.6785235
 0.4740707  0.680777   0.6602172  0.55371493]'
[2025-09-19 02:32:40,796 validation.py line 650] iou_class_Novel '[0.8939582  0.         0.         0.43010655 0.380083   0.
 0.         0.         0.        ]'
[2025-09-19 02:32:40,796 validation.py line 651] iou_class_All '[0.763508   0.81046814 0.51171374 0.8105473  0.738849   0.6785235
 0.4740707  0.680777   0.6602172  0.8939582  0.         0.
 0.43010655 0.55371493 0.380083   0.         0.         0.
 0.        ]'
Procressing 87 views
[2025-09-19 02:33:03,068 validation.py line 570] Process: [11/12]
[2025-09-19 02:33:03,074 validation.py line 620] Raw stats Base: intersection [409549. 278790.  15461.  65168. 132848.  15165.  20852.  98950.  35416.
  16880.], union [540185. 345589.  29807.  80400. 179804.  22350.  43985. 145273.  53649.
  30485.], target [485496. 308399.  19733.  72862. 139646.  17941.  38456. 113160.  50925.
  28989.]
[2025-09-19 02:33:03,074 validation.py line 623] Raw stats Novel: intersection [48221.     0.     0. 18932.   916.     0.  1310.   214.  1327.], union [53941. 33122. 10188. 44017.  2423. 11795.  1971.  3325.  3082.], target [52885. 33122.     0. 29479.  2317.     0.  1531.   235.  2519.]
[2025-09-19 02:33:03,074 validation.py line 626] Raw stats All: intersection [4.09549e+05 2.78790e+05 1.54610e+04 6.51680e+04 1.32848e+05 1.51650e+04
 2.08520e+04 9.89500e+04 3.54160e+04 4.82210e+04 0.00000e+00 0.00000e+00
 1.89320e+04 1.68800e+04 9.16000e+02 0.00000e+00 1.31000e+03 2.14000e+02
 1.32700e+03], union [540185. 345589.  29807.  80400. 179804.  22350.  43985. 145273.  53649.
  53941.  33122.  10188.  44017.  30485.   2423.  11795.   1971.   3325.
   3082.], target [4.85496e+05 3.08399e+05 1.97330e+04 7.28620e+04 1.39646e+05 1.79410e+04
 3.84560e+04 1.13160e+05 5.09250e+04 5.28850e+04 3.31220e+04 0.00000e+00
 2.94790e+04 2.89890e+04 2.31700e+03 0.00000e+00 1.53100e+03 2.35000e+02
 2.51900e+03]
[2025-09-19 02:33:03,074 validation.py line 631] Val 2d result: mIoU_Base/mAcc_Base/allAcc_Base 0.6681/0.7916/0.8538.
[2025-09-19 02:33:03,075 validation.py line 636] Val 2d result: mIoU_Novel/mAcc_Novel/allAcc_Novel 0.3180/0.4714/0.5809.
[2025-09-19 02:33:03,075 validation.py line 643] Val 2d result: mIoU_All/mAcc_All/allAcc_All 0.5022/0.6399/0.8299.
[2025-09-19 02:33:03,075 validation.py line 649] iou_class_Base '[0.75816435 0.8067097  0.51870364 0.8105473  0.738849   0.6785235
 0.4740707  0.68113136 0.6601428  0.55371493]'
[2025-09-19 02:33:03,075 validation.py line 650] iou_class_Novel '[0.8939582  0.         0.         0.43010655 0.37804374 0.
 0.66463727 0.0643609  0.43056458]'
[2025-09-19 02:33:03,075 validation.py line 651] iou_class_All '[0.75816435 0.8067097  0.51870364 0.8105473  0.738849   0.6785235
 0.4740707  0.68113136 0.6601428  0.8939582  0.         0.
 0.43010655 0.55371493 0.37804374 0.         0.66463727 0.0643609
 0.43056458]'
scene_name: scene0050_02
scene_name: scene0144_01
scene_name: scene0221_01
scene_name: scene0300_01
scene_name: scene0354_00
scene_name: scene0389_00
scene_name: scene0423_02
scene_name: scene0427_00
scene_name: scene0494_00
scene_name: scene0616_00
scene_name: scene0645_02
scene_name: scene0693_00
[2025-09-19 02:33:05,226 validation.py line 389] ==> Train/Eval done!
