/opt/conda/envs/xmask3d/lib/python3.9/site-packages/MinkowskiEngine/__init__.py:36: UserWarning: The environment variable `OMP_NUM_THREADS` not set. MinkowskiEngine will automatically set `OMP_NUM_THREADS=16`. If you want to set `OMP_NUM_THREADS` manually, please export it on the command line before running a python script. e.g. `export OMP_NUM_THREADS=12; python your_program.py`. It is recommended to set it below 24.
  warnings.warn(
/opt/conda/envs/xmask3d/lib/python3.9/site-packages/scipy/__init__.py:146: UserWarning: A NumPy version >=1.16.5 and <1.23.0 is required for this version of SciPy (detected version 1.26.4
  warnings.warn(f"A NumPy version >={np_minversion} and <{np_maxversion}"
/root/code/XMask3D/third_party/X-Decoder/xdecoder/modeling/vision/encoder/transformer_encoder_deform.py:317: FutureWarning: `torch.cuda.amp.autocast(args...)` is deprecated. Please use `torch.amp.autocast('cuda', args...)` instead.
  @autocast(enabled=False)
/opt/conda/envs/xmask3d/lib/python3.9/site-packages/kornia/feature/lightglue.py:30: FutureWarning: `torch.cuda.amp.custom_fwd(args...)` is deprecated. Please use `torch.amp.custom_fwd(args..., device_type='cuda')` instead.
  @torch.cuda.amp.custom_fwd(cast_inputs=torch.float32)
scene:
  scene_path: data/ScanNet
  dataset_name: scannet20
  test_cameras: false
  colmap_images: images
  colmap_eval_hold: 8
  downscale_ratio: 1
  white_background: false
  device: cuda:0
pipeline:
  convert_shs_python: false
  compute_cov3d_python: false
  debug: false
  seed: 0
model:
  sh_degree: 3
  model_dir: gaussians_model
  dynamic: false
  load_iteration: -1
  device: cuda:0
  num_workers: 0
fusion:
  img_dim:
  - 648
  - 484
  num_workers: 8
  model_2d: lseg
  depth: render
  depth_scale: 1000.0
  visibility_threshold: 0.05
  cut_boundary: 10
  n_split_points: 999999999
  num_rand_file_per_scene: 1
  out_dir: output_fusion
caption_head:
  NAME: CaptionHead
  POOLING_TYPE: avg
  FEAT_NORM: true
  LOGIT_SCALE:
    value: 100.0
    learnable: true
  CUDA_ENABLED: true
  POOL_OBJ: score
  LOSS_FUNC: NLL_NoReduce
  LOSS_WEIGHT:
    SCENE: 0.1
    VIEW: 0.5
    ENTITY: 0.1
  DIV_N_CAP: false
  DIV_MODE: none
  NOVEL_GRAD_ONLY: true
CAPTION_INFO:
  KEY:
  - SCENE
  - VIEW
  - ENTITY
  SCENE:
    ENABLED: false
    GATHER_CAPTION: true
  VIEW:
    ENABLED: true
    IMAGE_CORR_PATH: data/caption/small/scannet_view_matching_idx.pkl
    SELECT: ratio
    NUM: 1
    RATIO: 0.5
    GATHER_CAPTION: true
  ENTITY:
    ENABLED: true
    IMAGE_CORR_PATH: data/caption/small/caption_idx_small.pickle
    SELECT: ratio
    NUM: 1
    RATIO: 1.0
    GATHER_CAPTION: true
  CAPTION_CORR_PATH_IN_ONE_FILE: true
--config: config/scannet/xmask3d_scannet_B10N9.yaml
save_path: null
xdecoder_test/out/orihybgeo: null
resume: null
xdecoder_test/out/orihybgeo/model/affinity_predictor_epoch_34:
  pth: null

Loading teacher models...
/root/code/XMask3D/third_party/X-Decoder/xdecoder/modeling/BaseModel.py:26: FutureWarning: You are using `torch.load` with `weights_only=False` (the current default value), which uses the default pickle module implicitly. It is possible to construct malicious pickle data which will execute arbitrary code during unpickling (See https://github.com/pytorch/pytorch/blob/main/SECURITY.md#untrusted-models for more details). In a future release, the default value for `weights_only` will be flipped to `True`. This limits the functions that could be executed during unpickling. Arbitrary objects will no longer be allowed to be loaded via this mode unless they are explicitly allowlisted by the user via `torch.serialization.add_safe_globals`. We recommend you start setting `weights_only=True` for any use case where you don't have full control of the loaded file. Please open an issue on GitHub for any issues related to this experimental feature.
  state_dict = torch.load(load_dir, map_location=self.opt['device'])
Use prompt engineering: a XX in a scene
Final labelset: ['a wall in a scene', 'a floor in a scene', 'a cabinet in a scene', 'a bed in a scene', 'a chair in a scene', 'a sofa in a scene', 'a table in a scene', 'a door in a scene', 'a window in a scene', 'a bookshelf in a scene', 'a picture in a scene', 'a counter in a scene', 'a desk in a scene', 'a curtain in a scene', 'a refrigerator in a scene', 'a shower curtain in a scene', 'a toilet in a scene', 'a sink in a scene', 'a bathtub in a scene', 'background']
X-Decoder teacher loaded and frozen.
Loading checkpoint from HuggingFace: sonata ...
Model params: 108.46M
Sonata teacher loaded and frozen.
AffinityPredictor student created.
[2025-09-19 01:43:58,591 validation.py line 169] all_label: ['wall', 'floor', 'cabinet', 'bed', 'chair', 'sofa', 'table', 'door', 'window', 'bookshelf', 'picture', 'counter', 'desk', 'curtain', 'refrigerator', 'shower curtain', 'toilet', 'sink', 'bathtub']
arch_3d: MinkUNet34C
arch_binary_head: MinkUNet18A
aug: False
base_ratio: 0.65
batch_size: 4
batch_size_val: 1
binary_2d_thresh: 0.5
cam:
  alignment_dim: 512
  enable: True
  kl_temperature: 1.2
  loss_weight: 1.5
caption_contra: True
caption_contra_2d_pre: True
caption_contra_3d: True
caption_path: data/caption/caption_view_scannet_vit-gpt2-image-captioning_.json
category_split:
  all_category: [0, 1, 2, 3, 4, 5, 6, 7, 8, 9, 10, 11, 12, 13, 14, 15, 16, 17, 18]
  base_category: [0, 1, 2, 3, 4, 5, 6, 7, 8, 13]
  ignore_category: [19, 20]
  novel_category: [9, 10, 11, 12, 14, 15, 16, 17, 18]
classes: 10
clip_name: ViT-L-14
data_ratio: 0.5
data_root: data/scannet_3d
data_root_2d: data/scannet_2d
dist_backend: nccl
dist_url: tcp://127.0.0.1:6745
distributed: False
entity_gt:
  contrastive_temp: 0.07
  enable: True
entity_path: data/caption/small/caption_entity_scannet_vit-gpt2-image-captioning_small.json
epochs: 100
eval_freq: 2
evaluate: True
ignore_label: 10
infer_batch_size_val: 1
infer_gpu: [0]
infer_workers: 1
input_color: True
label: ['wall', 'floor', 'cabinet', 'bed', 'chair', 'sofa', 'table', 'door', 'window', 'curtain']
label_2d: [1, 2, 3, 4, 5, 6, 7, 8, 9, 10, 11, 12, 14, 16, 24, 28, 33, 34, 36, 39]
learning_rate_type: cosine
loop: 16
loss_weight:
  entity_gt_loss: 1.5
  loss_3d: 4
  loss_3d_contra: 1
  loss_3d_pure: 4
  loss_binary: 10
  loss_explicit_contra: 1.5
  loss_explicit_contra_2d_pre: 4
  loss_explicit_contra_3d: 1.5
  pseudo_label: 1
lr_3d: 0.0001
lr_others: 0.0001
lseg_model_path: pretrained/weights/lseg/demo_e200.ckpt
manual_seed: 5557
mask_contra_3d: True
mask_shape: [484, 648]
momentum: 0.9
multiprocessing_distributed: False
ngpus_per_node: 1
novel_ratio: 0.2
num_queries: 200
pixel_mean: [0.0, 0.0, 0.0]
pixel_std: [255.0, 255.0, 255.0]
power: 0.9
print_freq: 10
prompt_eng: True
pseudo_label:
  enable: True
  infer_boost_only_novel_pred: False
  infer_caption_boost_factor: 0.3
  infer_use_caption_boost: True
  scores_keep_thresh: 0.05
  temperature: 0.07
  use_view_entities: True
rank: 0
resume: xdecoder_test/out/orihybgeo/model/affinity_predictor_epoch_34.pth
save_freq: 1
save_path: xdecoder_test/out/orihybgeo
scannet200: False
scores_keep_thresh: 0
scores_threshold: 0.0
start_contra: 0
start_epoch: 0
test_classes: 19
test_ignore_label: [19, 20]
train_gpu: [0]
train_s: True
use_ape: False
use_shm: False
val_keep: 10000000
voxel_size: 0.02
warmup_epochs: 2
weight_decay: 1e-05
workers: 2
world_size: 1
[2025-09-19 01:43:58,592 validation.py line 170] => creating model ...
[2025-09-19 01:43:58,592 validation.py line 174] => setting up optimizer with differential learning rates...
[2025-09-19 01:43:58,611 validation.py line 212] => loading checkpoint 'xdecoder_test/out/orihybgeo/model/affinity_predictor_epoch_34.pth'
/root/code/XMask3D/xdecoder_test/validation.py:215: FutureWarning: You are using `torch.load` with `weights_only=False` (the current default value), which uses the default pickle module implicitly. It is possible to construct malicious pickle data which will execute arbitrary code during unpickling (See https://github.com/pytorch/pytorch/blob/main/SECURITY.md#untrusted-models for more details). In a future release, the default value for `weights_only` will be flipped to `True`. This limits the functions that could be executed during unpickling. Arbitrary objects will no longer be allowed to be loaded via this mode unless they are explicitly allowlisted by the user via `torch.serialization.add_safe_globals`. We recommend you start setting `weights_only=True` for any use case where you don't have full control of the loaded file. Please open an issue on GitHub for any issues related to this experimental feature.
  checkpoint = torch.load(args.resume, map_location=device)
[2025-09-19 01:43:59,049 validation.py line 256] => loaded checkpoint 'xdecoder_test/out/orihybgeo/model/affinity_predictor_epoch_34.pth' (will start from epoch 35)
Loading files based on specific_ids: ['scene0050_02', 'scene0144_01', 'scene0221_01', 'scene0300_01', 'scene0354_00', 'scene0389_00', 'scene0423_02', 'scene0427_00', 'scene0494_00', 'scene0616_00', 'scene0645_02', 'scene0693_00']
Loaded 12 files based on specific_ids
Preprocessing dataset to create (scene, view) samples...
Loading scene configs:   0%|          | 0/12 [00:00<?, ?it/s]Found pose directory, assuming ScanNet data set!
Loading Training Cameras...
Loading Test Cameras...
Loading scene configs:   8%|▊         | 1/12 [00:27<04:59, 27.19s/it]Found pose directory, assuming ScanNet data set!
Loading Training Cameras...
Loading Test Cameras...
Loading scene configs:  17%|█▋        | 2/12 [00:29<02:07, 12.70s/it]Found pose directory, assuming ScanNet data set!
Loading Training Cameras...
Loading Test Cameras...
Loading scene configs:  25%|██▌       | 3/12 [00:35<01:27,  9.76s/it]Found pose directory, assuming ScanNet data set!
Loading Training Cameras...
Loading Test Cameras...
Loading scene configs:  33%|███▎      | 4/12 [00:47<01:22, 10.36s/it]Found pose directory, assuming ScanNet data set!
Loading Training Cameras...
Loading Test Cameras...
Loading scene configs:  42%|████▏     | 5/12 [00:49<00:52,  7.54s/it]Found pose directory, assuming ScanNet data set!
Loading Training Cameras...
Loading Test Cameras...
Loading scene configs:  50%|█████     | 6/12 [00:59<00:50,  8.35s/it]Found pose directory, assuming ScanNet data set!
Loading Training Cameras...
Loading Test Cameras...
Loading scene configs:  58%|█████▊    | 7/12 [01:05<00:36,  7.39s/it]Found pose directory, assuming ScanNet data set!
Loading Training Cameras...
Loading Test Cameras...
Loading scene configs:  67%|██████▋   | 8/12 [01:12<00:30,  7.53s/it]Found pose directory, assuming ScanNet data set!
Loading Training Cameras...
Loading Test Cameras...
Loading scene configs:  75%|███████▌  | 9/12 [01:18<00:20,  6.81s/it]Found pose directory, assuming ScanNet data set!
Loading Training Cameras...
Loading Test Cameras...
Loading scene configs:  83%|████████▎ | 10/12 [01:38<00:21, 10.85s/it]Found pose directory, assuming ScanNet data set!
Loading Training Cameras...
Loading Test Cameras...
Loading scene configs:  92%|█████████▏| 11/12 [01:56<00:13, 13.21s/it]Found pose directory, assuming ScanNet data set!
Loading Training Cameras...
Loading Test Cameras...
Loading scene configs: 100%|██████████| 12/12 [02:08<00:00, 12.70s/it]Loading scene configs: 100%|██████████| 12/12 [02:08<00:00, 10.68s/it]
Dataset created with 1072 total views.
[2025-09-19 01:46:07,451 validation.py line 364] => setting up learning rate scheduler (Warmup + Cosine Annealing)...
/opt/conda/envs/xmask3d/lib/python3.9/site-packages/scipy/__init__.py:146: UserWarning: A NumPy version >=1.16.5 and <1.23.0 is required for this version of SciPy (detected version 1.26.4
  warnings.warn(f"A NumPy version >={np_minversion} and <{np_maxversion}"
/root/code/XMask3D/third_party/X-Decoder/xdecoder/modeling/vision/encoder/transformer_encoder_deform.py:317: FutureWarning: `torch.cuda.amp.autocast(args...)` is deprecated. Please use `torch.amp.autocast('cuda', args...)` instead.
  @autocast(enabled=False)
/opt/conda/envs/xmask3d/lib/python3.9/site-packages/kornia/feature/lightglue.py:30: FutureWarning: `torch.cuda.amp.custom_fwd(args...)` is deprecated. Please use `torch.amp.custom_fwd(args..., device_type='cuda')` instead.
  @torch.cuda.amp.custom_fwd(cast_inputs=torch.float32)
/root/code/XMask3D/dataset/data_loader_ablation.py:210: FutureWarning: You are using `torch.load` with `weights_only=False` (the current default value), which uses the default pickle module implicitly. It is possible to construct malicious pickle data which will execute arbitrary code during unpickling (See https://github.com/pytorch/pytorch/blob/main/SECURITY.md#untrusted-models for more details). In a future release, the default value for `weights_only` will be flipped to `True`. This limits the functions that could be executed during unpickling. Arbitrary objects will no longer be allowed to be loaded via this mode unless they are explicitly allowlisted by the user via `torch.serialization.add_safe_globals`. We recommend you start setting `weights_only=True` for any use case where you don't have full control of the loaded file. Please open an issue on GitHub for any issues related to this experimental feature.
  locs_in, feats_in, labels_in = torch.load(scene_data_path)
/opt/conda/envs/xmask3d/lib/python3.9/site-packages/imageio/plugins/pillow.py:320: UserWarning: Loading 16-bit (uint16) PNG as int32 due to limitations in pillow's PNG decoder. This will be fixed in a future version of pillow which will make this warning dissapear.
  warnings.warn(
Procressing 219 views
[2025-09-19 01:48:51,265 validation.py line 570] Process: [0/12]
[2025-09-19 01:48:51,274 validation.py line 620] Raw stats Base: intersection [50612. 18584.     0.     0. 10455.  6854.     0. 41591.     0.     0.], union [60765. 23093.  3039.     0. 16589. 11673.  4194. 53680.   741.   363.], target [59974. 20236.     0.     0. 11301.  8320.  3777. 47943.     0.     0.]
[2025-09-19 01:48:51,275 validation.py line 623] Raw stats Novel: intersection [   0.    0.    0. 2064.    0.    0.    0.    0.    0.], union [ 195.    0.   13. 5213.  868. 2932.    0.    0.    0.], target [   0.    0.    0. 4343.  865.    0.    0.    0.    0.]
[2025-09-19 01:48:51,275 validation.py line 626] Raw stats All: intersection [50612. 18584.     0.     0. 10455.  6854.     0. 41591.     0.     0.
     0.     0.  2064.     0.     0.     0.     0.     0.     0.], union [6.0765e+04 2.3093e+04 3.0390e+03 0.0000e+00 1.6589e+04 1.1673e+04
 4.1940e+03 5.3680e+04 7.4100e+02 1.9500e+02 0.0000e+00 1.3000e+01
 5.2130e+03 3.6300e+02 8.6800e+02 2.9320e+03 0.0000e+00 0.0000e+00
 0.0000e+00], target [59974. 20236.     0.     0. 11301.  8320.  3777. 47943.     0.     0.
     0.     0.  4343.     0.   865.     0.     0.     0.     0.]
[2025-09-19 01:48:51,275 validation.py line 631] Val 2d result: mIoU_Base/mAcc_Base/allAcc_Base 0.3630/0.4379/0.8452.
[2025-09-19 01:48:51,275 validation.py line 636] Val 2d result: mIoU_Novel/mAcc_Novel/allAcc_Novel 0.0440/0.0528/0.3963.
[2025-09-19 01:48:51,275 validation.py line 643] Val 2d result: mIoU_All/mAcc_All/allAcc_All 0.2119/0.2555/0.8303.
[2025-09-19 01:48:51,275 validation.py line 649] iou_class_Base '[0.8329137  0.80474603 0.         0.         0.6302369  0.58716697
 0.         0.77479506 0.         0.        ]'
[2025-09-19 01:48:51,275 validation.py line 650] iou_class_Novel '[0.         0.         0.         0.39593324 0.         0.
 0.         0.         0.        ]'
[2025-09-19 01:48:51,276 validation.py line 651] iou_class_All '[0.8329137  0.80474603 0.         0.         0.6302369  0.58716697
 0.         0.77479506 0.         0.         0.         0.
 0.39593324 0.         0.         0.         0.         0.
 0.        ]'
Procressing 68 views
[2025-09-19 01:49:21,605 validation.py line 570] Process: [1/12]
[2025-09-19 01:49:21,612 validation.py line 620] Raw stats Base: intersection [70775. 28009.     0.  6645. 17930.  6854.     0. 44236.  4390.  3171.], union [85391. 36259.  3720.  8488. 28300. 11673.  4258. 58393.  6233.  5084.], target [83111. 32568.     0.  7982. 18892.  8320.  3777. 52463.  4393.  4719.]
[2025-09-19 01:49:21,612 validation.py line 623] Raw stats Novel: intersection [   0.    0.    0. 5700.    0.    0.    0.    0.    0.], union [ 1038.     0.    84. 10024.   921.  3454.     0.     0.     0.], target [   0.    0.    0. 8425.  865.    0.    0.    0.    0.]
[2025-09-19 01:49:21,612 validation.py line 626] Raw stats All: intersection [70775. 28009.     0.  6645. 17930.  6854.     0. 44236.  4390.     0.
     0.     0.  5700.  3171.     0.     0.     0.     0.     0.], union [8.5391e+04 3.6259e+04 3.7200e+03 8.4880e+03 2.8300e+04 1.1673e+04
 4.2580e+03 5.8393e+04 6.2330e+03 1.0380e+03 0.0000e+00 8.4000e+01
 1.0024e+04 5.0840e+03 9.2100e+02 3.4540e+03 0.0000e+00 0.0000e+00
 0.0000e+00], target [83111. 32568.     0.  7982. 18892.  8320.  3777. 52463.  4393.     0.
     0.     0.  8425.  4719.   865.     0.     0.     0.     0.]
[2025-09-19 01:49:21,612 validation.py line 631] Val 2d result: mIoU_Base/mAcc_Base/allAcc_Base 0.5691/0.6831/0.8418.
[2025-09-19 01:49:21,612 validation.py line 636] Val 2d result: mIoU_Novel/mAcc_Novel/allAcc_Novel 0.0632/0.0752/0.6136.
[2025-09-19 01:49:21,612 validation.py line 643] Val 2d result: mIoU_All/mAcc_All/allAcc_All 0.3294/0.3952/0.8324.
[2025-09-19 01:49:21,613 validation.py line 649] iou_class_Base '[0.8288344  0.7724703  0.         0.78286994 0.6335689  0.58716697
 0.         0.75755656 0.7043157  0.6237215 ]'
[2025-09-19 01:49:21,613 validation.py line 650] iou_class_Novel '[0.        0.        0.        0.5686353 0.        0.        0.
 0.        0.       ]'
[2025-09-19 01:49:21,613 validation.py line 651] iou_class_All '[0.8288344  0.7724703  0.         0.78286994 0.6335689  0.58716697
 0.         0.75755656 0.7043157  0.         0.         0.
 0.5686353  0.6237215  0.         0.         0.         0.
 0.        ]'
Procressing 39 views
[2025-09-19 01:49:52,033 validation.py line 570] Process: [2/12]
[2025-09-19 01:49:52,043 validation.py line 620] Raw stats Base: intersection [102040.  57045.   1247.  27301.  24446.   6854.   1231.  52895.   4390.
   3920.], union [129490.  75073.   7981.  33887.  40646.  11673.   6612.  69643.   6233.
   6778.], target [122860.  65206.   3043.  30466.  26462.   8320.   6015.  61839.   4393.
   6411.]
[2025-09-19 01:49:52,043 validation.py line 623] Raw stats Novel: intersection [   0.    0.    0. 6185.    0.    0.    0.    0.    0.], union [ 1038.  2572.  4155. 15429.   923.  3525.   291.     0.   141.], target [    0.  2572.     0. 13370.   865.     0.     0.     0.     0.]
[2025-09-19 01:49:52,043 validation.py line 626] Raw stats All: intersection [102040.  57045.   1247.  27301.  24446.   6854.   1231.  52895.   4390.
      0.      0.      0.   6185.   3920.      0.      0.      0.      0.
      0.], union [129490.  75073.   7981.  33887.  40646.  11673.   6612.  69643.   6233.
   1038.   2572.   4155.  15429.   6778.    923.   3525.    291.      0.
    141.], target [122860.  65206.   3043.  30466.  26462.   8320.   6015.  61839.   4393.
      0.   2572.      0.  13370.   6411.    865.      0.      0.      0.
      0.]
[2025-09-19 01:49:52,043 validation.py line 631] Val 2d result: mIoU_Base/mAcc_Base/allAcc_Base 0.5927/0.7430/0.8399.
[2025-09-19 01:49:52,043 validation.py line 636] Val 2d result: mIoU_Novel/mAcc_Novel/allAcc_Novel 0.0445/0.0514/0.3680.
[2025-09-19 01:49:52,043 validation.py line 643] Val 2d result: mIoU_All/mAcc_All/allAcc_All 0.3330/0.4154/0.8173.
[2025-09-19 01:49:52,044 validation.py line 649] iou_class_Base '[0.78801453 0.7598604  0.15624608 0.8056482  0.6014368  0.58716697
 0.18617664 0.7595164  0.7043157  0.5783417 ]'
[2025-09-19 01:49:52,044 validation.py line 650] iou_class_Novel '[0.        0.        0.        0.4008685 0.        0.        0.
 0.        0.       ]'
[2025-09-19 01:49:52,044 validation.py line 651] iou_class_All '[0.78801453 0.7598604  0.15624608 0.8056482  0.6014368  0.58716697
 0.18617664 0.7595164  0.7043157  0.         0.         0.
 0.4008685  0.5783417  0.         0.         0.         0.
 0.        ]'
Procressing 88 views
[2025-09-19 01:50:43,812 validation.py line 570] Process: [3/12]
[2025-09-19 01:50:43,820 validation.py line 620] Raw stats Base: intersection [125249.  85705.   1247.  27301.  30517.   6854.   1231.  52895.  21435.
   3920.], union [168853. 106741.   9353.  33887.  47810.  11673.   7467.  70237.  28779.
   6778.], target [152007.  93935.   3043.  30466.  32945.   8320.   6015.  61839.  26929.
   6411.]
[2025-09-19 01:50:43,820 validation.py line 623] Raw stats Novel: intersection [48219.     0.     0. 13766.     0.     0.     0.     0.     0.], union [53948.  6838.  9763. 26866.   923.  3525.   291.     0.   141.], target [52885.  6838.     0. 23608.   865.     0.     0.     0.     0.]
[2025-09-19 01:50:43,821 validation.py line 626] Raw stats All: intersection [125249.  85705.   1247.  27301.  30517.   6854.   1231.  52895.  21435.
  48219.      0.      0.  13766.   3920.      0.      0.      0.      0.
      0.], union [1.68853e+05 1.06741e+05 9.35300e+03 3.38870e+04 4.78100e+04 1.16730e+04
 7.46700e+03 7.02370e+04 2.87790e+04 5.39480e+04 6.83800e+03 9.76300e+03
 2.68660e+04 6.77800e+03 9.23000e+02 3.52500e+03 2.91000e+02 0.00000e+00
 1.41000e+02], target [152007.  93935.   3043.  30466.  32945.   8320.   6015.  61839.  26929.
  52885.   6838.      0.  23608.   6411.    865.      0.      0.      0.
      0.]
[2025-09-19 01:50:43,821 validation.py line 631] Val 2d result: mIoU_Base/mAcc_Base/allAcc_Base 0.5950/0.7260/0.8446.
[2025-09-19 01:50:43,821 validation.py line 636] Val 2d result: mIoU_Novel/mAcc_Novel/allAcc_Novel 0.1562/0.1661/0.7362.
[2025-09-19 01:50:43,821 validation.py line 643] Val 2d result: mIoU_All/mAcc_All/allAcc_All 0.3872/0.4608/0.8266.
[2025-09-19 01:50:43,821 validation.py line 649] iou_class_Base '[0.74176353 0.8029248  0.1333262  0.8056482  0.63829744 0.58716697
 0.16485871 0.7530931  0.7448139  0.5783417 ]'
[2025-09-19 01:50:43,821 validation.py line 650] iou_class_Novel '[0.89380515 0.         0.         0.51239485 0.         0.
 0.         0.         0.        ]'
[2025-09-19 01:50:43,821 validation.py line 651] iou_class_All '[0.74176353 0.8029248  0.1333262  0.8056482  0.63829744 0.58716697
 0.16485871 0.7530931  0.7448139  0.89380515 0.         0.
 0.51239485 0.5783417  0.         0.         0.         0.
 0.        ]'
Procressing 57 views
[2025-09-19 01:51:12,426 validation.py line 570] Process: [4/12]
[2025-09-19 01:51:12,433 validation.py line 620] Raw stats Base: intersection [151893. 105181.   1247.  27301.  52999.   6854.   2832.  55626.  22371.
   3920.], union [199511. 140617.   9559.  33887.  79521.  11673.  14398.  78380.  35222.
   6778.], target [180927. 125106.   3043.  30466.  55459.   8320.  12946.  64779.  33094.
   6411.]
[2025-09-19 01:51:12,433 validation.py line 623] Raw stats Novel: intersection [48219.     0.     0. 13766.     0.     0.     0.     0.     0.], union [53948.  6838.  9778. 32295.   923.  3525.   291.     0.   141.], target [52885.  6838.     0. 23608.   865.     0.     0.     0.     0.]
[2025-09-19 01:51:12,434 validation.py line 626] Raw stats All: intersection [151893. 105181.   1247.  27301.  52999.   6854.   2832.  55626.  22371.
  48219.      0.      0.  13766.   3920.      0.      0.      0.      0.
      0.], union [1.99511e+05 1.40617e+05 9.55900e+03 3.38870e+04 7.95210e+04 1.16730e+04
 1.43980e+04 7.83800e+04 3.52220e+04 5.39480e+04 6.83800e+03 9.77800e+03
 3.22950e+04 6.77800e+03 9.23000e+02 3.52500e+03 2.91000e+02 0.00000e+00
 1.41000e+02], target [180927. 125106.   3043.  30466.  55459.   8320.  12946.  64779.  33094.
  52885.   6838.      0.  23608.   6411.    865.      0.      0.      0.
      0.]
[2025-09-19 01:51:12,434 validation.py line 631] Val 2d result: mIoU_Base/mAcc_Base/allAcc_Base 0.5819/0.7131/0.8265.
[2025-09-19 01:51:12,434 validation.py line 636] Val 2d result: mIoU_Novel/mAcc_Novel/allAcc_Novel 0.1467/0.1661/0.7362.
[2025-09-19 01:51:12,434 validation.py line 643] Val 2d result: mIoU_All/mAcc_All/allAcc_All 0.3757/0.4540/0.8139.
[2025-09-19 01:51:12,434 validation.py line 649] iou_class_Base '[0.76132643 0.74799633 0.13045298 0.8056482  0.66647804 0.58716697
 0.19669399 0.70969635 0.6351428  0.5783417 ]'
[2025-09-19 01:51:12,434 validation.py line 650] iou_class_Novel '[0.89380515 0.         0.         0.42625794 0.         0.
 0.         0.         0.        ]'
[2025-09-19 01:51:12,434 validation.py line 651] iou_class_All '[0.76132643 0.74799633 0.13045298 0.8056482  0.66647804 0.58716697
 0.19669399 0.70969635 0.6351428  0.89380515 0.         0.
 0.42625794 0.5783417  0.         0.         0.         0.
 0.        ]'
Procressing 71 views
[2025-09-19 01:51:56,837 validation.py line 570] Process: [5/12]
[2025-09-19 01:51:56,846 validation.py line 620] Raw stats Base: intersection [216283. 132931.   8438.  47198.  57845.   6854.   4514.  60525.  22371.
   7961.], union [278965. 174421.  18701.  57612.  88105.  11673.  17295.  89627.  35222.
  18748.], target [257432. 154345.  10760.  51901.  60642.   8320.  15777.  70838.  33094.
  18341.]
[2025-09-19 01:51:56,846 validation.py line 623] Raw stats Novel: intersection [48219.     0.     0. 13766.   890.     0.     0.     0.     0.], union [53948.  8329.  9784. 32295.  2429. 11569.   313.     0.   347.], target [52885.  8329.     0. 23608.  2317.     0.     0.     0.     0.]
[2025-09-19 01:51:56,847 validation.py line 626] Raw stats All: intersection [216283. 132931.   8438.  47198.  57845.   6854.   4514.  60525.  22371.
  48219.      0.      0.  13766.   7961.    890.      0.      0.      0.
      0.], union [278965. 174421.  18701.  57612.  88105.  11673.  17295.  89627.  35222.
  53948.   8329.   9784.  32295.  18748.   2429.  11569.    313.      0.
    347.], target [257432. 154345.  10760.  51901.  60642.   8320.  15777.  70838.  33094.
  52885.   8329.      0.  23608.  18341.   2317.      0.      0.      0.
      0.]
[2025-09-19 01:51:56,847 validation.py line 631] Val 2d result: mIoU_Base/mAcc_Base/allAcc_Base 0.6048/0.7423/0.8290.
[2025-09-19 01:51:56,847 validation.py line 636] Val 2d result: mIoU_Novel/mAcc_Novel/allAcc_Novel 0.1874/0.2088/0.7215.
[2025-09-19 01:51:56,847 validation.py line 643] Val 2d result: mIoU_All/mAcc_All/allAcc_All 0.4071/0.4896/0.8168.
[2025-09-19 01:51:56,847 validation.py line 649] iou_class_Base '[0.77530515 0.7621273  0.45120582 0.819239   0.6565462  0.58716697
 0.26100028 0.67529875 0.6351428  0.42463195]'
[2025-09-19 01:51:56,847 validation.py line 650] iou_class_Novel '[0.89380515 0.         0.         0.42625794 0.36640593 0.
 0.         0.         0.        ]'
[2025-09-19 01:51:56,847 validation.py line 651] iou_class_All '[0.77530515 0.7621273  0.45120582 0.819239   0.6565462  0.58716697
 0.26100028 0.67529875 0.6351428  0.89380515 0.         0.
 0.42625794 0.42463195 0.36640593 0.         0.         0.
 0.        ]'
Procressing 43 views
[2025-09-19 01:52:22,032 validation.py line 570] Process: [6/12]
[2025-09-19 01:52:22,036 validation.py line 620] Raw stats Base: intersection [216283. 166992.   8438.  47198.  76397.   6854.   6119.  60525.  22371.
   7961.], union [278971. 208835.  18701.  57612. 106842.  11673.  19062.  89627.  35222.
  18748.], target [257432. 188414.  10760.  51901.  79377.   8320.  17544.  70838.  33094.
  18341.]
[2025-09-19 01:52:22,037 validation.py line 623] Raw stats Novel: intersection [48219.     0.     0. 13766.   890.     0.     0.     0.     0.], union [53948.  8329.  9784. 32295.  2429. 11569.   313.     0.   347.], target [52885.  8329.     0. 23608.  2317.     0.     0.     0.     0.]
[2025-09-19 01:52:22,037 validation.py line 626] Raw stats All: intersection [216283. 166992.   8438.  47198.  76397.   6854.   6119.  60525.  22371.
  48219.      0.      0.  13766.   7961.    890.      0.      0.      0.
      0.], union [278971. 208835.  18701.  57612. 106842.  11673.  19062.  89627.  35222.
  53948.   8329.   9784.  32295.  18748.   2429.  11569.    313.      0.
    347.], target [257432. 188414.  10760.  51901.  79377.   8320.  17544.  70838.  33094.
  52885.   8329.      0.  23608.  18341.   2317.      0.      0.      0.
      0.]
[2025-09-19 01:52:22,037 validation.py line 631] Val 2d result: mIoU_Base/mAcc_Base/allAcc_Base 0.6204/0.7520/0.8412.
[2025-09-19 01:52:22,037 validation.py line 636] Val 2d result: mIoU_Novel/mAcc_Novel/allAcc_Novel 0.1874/0.2088/0.7215.
[2025-09-19 01:52:22,037 validation.py line 643] Val 2d result: mIoU_All/mAcc_All/allAcc_All 0.4153/0.4947/0.8285.
[2025-09-19 01:52:22,037 validation.py line 649] iou_class_Base '[0.77528846 0.79963607 0.45120582 0.819239   0.7150465  0.58716697
 0.32100514 0.67529875 0.6351428  0.42463195]'
[2025-09-19 01:52:22,037 validation.py line 650] iou_class_Novel '[0.89380515 0.         0.         0.42625794 0.36640593 0.
 0.         0.         0.        ]'
[2025-09-19 01:52:22,038 validation.py line 651] iou_class_All '[0.77528846 0.79963607 0.45120582 0.819239   0.7150465  0.58716697
 0.32100514 0.67529875 0.6351428  0.89380515 0.         0.
 0.42625794 0.42463195 0.36640593 0.         0.         0.
 0.        ]'
Procressing 66 views
[2025-09-19 01:52:46,437 validation.py line 570] Process: [7/12]
[2025-09-19 01:52:46,444 validation.py line 620] Raw stats Base: intersection [239055. 184087.   8438.  47198.  87981.   6854.   8573.  63607.  22371.
   7961.], union [308982. 231814.  18701.  57612. 124442.  11673.  21948.  93193.  37539.
  18748.], target [285288. 206963.  10760.  51901.  93014.   8320.  20006.  74190.  35411.
  18341.]
[2025-09-19 01:52:46,444 validation.py line 623] Raw stats Novel: intersection [48219.     0.     0. 13766.   890.     0.     0.     0.     0.], union [53948.  8329.  9784. 32295.  2429. 11569.   313.     0.   347.], target [52885.  8329.     0. 23608.  2317.     0.     0.     0.     0.]
[2025-09-19 01:52:46,445 validation.py line 626] Raw stats All: intersection [239055. 184087.   8438.  47198.  87981.   6854.   8573.  63607.  22371.
  48219.      0.      0.  13766.   7961.    890.      0.      0.      0.
      0.], union [308982. 231814.  18701.  57612. 124442.  11673.  21948.  93193.  37539.
  53948.   8329.   9784.  32295.  18748.   2429.  11569.    313.      0.
    347.], target [285288. 206963.  10760.  51901.  93014.   8320.  20006.  74190.  35411.
  52885.   8329.      0.  23608.  18341.   2317.      0.      0.      0.
      0.]
[2025-09-19 01:52:46,445 validation.py line 631] Val 2d result: mIoU_Base/mAcc_Base/allAcc_Base 0.6226/0.7542/0.8407.
[2025-09-19 01:52:46,445 validation.py line 636] Val 2d result: mIoU_Novel/mAcc_Novel/allAcc_Novel 0.1874/0.2088/0.7215.
[2025-09-19 01:52:46,445 validation.py line 643] Val 2d result: mIoU_All/mAcc_All/allAcc_All 0.4165/0.4959/0.8291.
[2025-09-19 01:52:46,445 validation.py line 649] iou_class_Base '[0.7736859  0.7941151  0.45120582 0.819239   0.7070041  0.58716697
 0.39060506 0.6825298  0.59594023 0.42463195]'
[2025-09-19 01:52:46,445 validation.py line 650] iou_class_Novel '[0.89380515 0.         0.         0.42625794 0.36640593 0.
 0.         0.         0.        ]'
[2025-09-19 01:52:46,445 validation.py line 651] iou_class_All '[0.7736859  0.7941151  0.45120582 0.819239   0.7070041  0.58716697
 0.39060506 0.6825298  0.59594023 0.89380515 0.         0.
 0.42625794 0.42463195 0.36640593 0.         0.         0.
 0.        ]'
Procressing 37 views
[2025-09-19 01:53:00,292 validation.py line 570] Process: [8/12]
[2025-09-19 01:53:00,299 validation.py line 620] Raw stats Base: intersection [255779. 204344.   8438.  47198.  96617.   6854.   8573.  66877.  22371.
   7961.], union [327863. 254518.  18701.  57612. 134045.  11673.  24791.  98024.  38465.
  18748.], target [303933. 227915.  10760.  51901. 101718.   8320.  22849.  77785.  36337.
  18341.]
[2025-09-19 01:53:00,300 validation.py line 623] Raw stats Novel: intersection [48219.     0.     0. 13766.   890.     0.     0.     0.     0.], union [53948.  8329.  9840. 34894.  2429. 11569.   313.     0.   347.], target [52885.  8329.     0. 23608.  2317.     0.     0.     0.     0.]
[2025-09-19 01:53:00,300 validation.py line 626] Raw stats All: intersection [255779. 204344.   8438.  47198.  96617.   6854.   8573.  66877.  22371.
  48219.      0.      0.  13766.   7961.    890.      0.      0.      0.
      0.], union [3.27863e+05 2.54518e+05 1.87010e+04 5.76120e+04 1.34045e+05 1.16730e+04
 2.47910e+04 9.80240e+04 3.84650e+04 5.39480e+04 8.32900e+03 9.84000e+03
 3.48940e+04 1.87480e+04 2.42900e+03 1.15690e+04 3.13000e+02 0.00000e+00
 3.47000e+02], target [303933. 227915.  10760.  51901. 101718.   8320.  22849.  77785.  36337.
  52885.   8329.      0.  23608.  18341.   2317.      0.      0.      0.
      0.]
[2025-09-19 01:53:00,300 validation.py line 631] Val 2d result: mIoU_Base/mAcc_Base/allAcc_Base 0.6196/0.7490/0.8432.
[2025-09-19 01:53:00,300 validation.py line 636] Val 2d result: mIoU_Novel/mAcc_Novel/allAcc_Novel 0.1839/0.2088/0.7215.
[2025-09-19 01:53:00,300 validation.py line 643] Val 2d result: mIoU_All/mAcc_All/allAcc_All 0.4132/0.4931/0.8320.
[2025-09-19 01:53:00,300 validation.py line 649] iou_class_Base '[0.78013986 0.8028666  0.45120582 0.819239   0.7207803  0.58716697
 0.34581098 0.6822513  0.58159363 0.42463195]'
[2025-09-19 01:53:00,301 validation.py line 650] iou_class_Novel '[0.89380515 0.         0.         0.39450908 0.36640593 0.
 0.         0.         0.        ]'
[2025-09-19 01:53:00,301 validation.py line 651] iou_class_All '[0.78013986 0.8028666  0.45120582 0.819239   0.7207803  0.58716697
 0.34581098 0.6822513  0.58159363 0.89380515 0.         0.
 0.39450908 0.42463195 0.36640593 0.         0.         0.
 0.        ]'
Procressing 151 views
[2025-09-19 01:55:06,245 validation.py line 570] Process: [9/12]
[2025-09-19 01:55:06,251 validation.py line 620] Raw stats Base: intersection [330124. 233212.   8438.  47198. 120861.   6854.  15035.  90793.  31612.
   7961.], union [440207. 289065.  18701.  57612. 161140.  11926.  32062. 133076.  48505.
  18748.], target [391476. 258316.  10760.  51901. 126597.   8320.  29618. 103638.  46132.
  18341.]
[2025-09-19 01:55:06,252 validation.py line 623] Raw stats Novel: intersection [48219.     0.     0. 13766.   890.     0.     0.     0.     0.], union [53948. 31527.  9840. 34894.  2429. 11569.   313.     0.   347.], target [52885. 31527.     0. 23608.  2317.     0.     0.     0.     0.]
[2025-09-19 01:55:06,252 validation.py line 626] Raw stats All: intersection [330124. 233212.   8438.  47198. 120861.   6854.  15035.  90793.  31612.
  48219.      0.      0.  13766.   7961.    890.      0.      0.      0.
      0.], union [4.40207e+05 2.89065e+05 1.87010e+04 5.76120e+04 1.61140e+05 1.19260e+04
 3.20620e+04 1.33076e+05 4.85050e+04 5.39480e+04 3.15270e+04 9.84000e+03
 3.48940e+04 1.87480e+04 2.42900e+03 1.15690e+04 3.13000e+02 0.00000e+00
 3.47000e+02], target [391476. 258316.  10760.  51901. 126597.   8320.  29618. 103638.  46132.
  52885.  31527.      0.  23608.  18341.   2317.      0.      0.      0.
      0.]
[2025-09-19 01:55:06,252 validation.py line 631] Val 2d result: mIoU_Base/mAcc_Base/allAcc_Base 0.6379/0.7721/0.8536.
[2025-09-19 01:55:06,252 validation.py line 636] Val 2d result: mIoU_Novel/mAcc_Novel/allAcc_Novel 0.1839/0.2088/0.5698.
[2025-09-19 01:55:06,252 validation.py line 643] Val 2d result: mIoU_All/mAcc_All/allAcc_All 0.4229/0.5053/0.8265.
[2025-09-19 01:55:06,252 validation.py line 649] iou_class_Base '[0.749929   0.80678046 0.45120582 0.819239   0.75003725 0.5747107
 0.4689352  0.68226427 0.6517266  0.42463195]'
[2025-09-19 01:55:06,252 validation.py line 650] iou_class_Novel '[0.89380515 0.         0.         0.39450908 0.36640593 0.
 0.         0.         0.        ]'
[2025-09-19 01:55:06,252 validation.py line 651] iou_class_All '[0.749929   0.80678046 0.45120582 0.819239   0.75003725 0.5747107
 0.4689352  0.68226427 0.6517266  0.89380515 0.         0.
 0.39450908 0.42463195 0.36640593 0.         0.         0.
 0.        ]'
Procressing 146 views
[2025-09-19 01:56:56,659 validation.py line 570] Process: [10/12]
[2025-09-19 01:56:56,666 validation.py line 620] Raw stats Base: intersection [403092. 273529.  13589.  65020. 132590.  15049.  20880.  96303.  35051.
  16928.], union [527744. 337862.  26701.  80520. 179990.  22279.  44395. 140741.  53052.
  30576.], target [473713. 302941.  16966.  72862. 139646.  17941.  38456. 110037.  50416.
  28989.]
[2025-09-19 01:56:56,667 validation.py line 623] Raw stats Novel: intersection [48219.     0.     0. 18721.   890.     0.     0.     0.     0.], union [53948. 33122.  9840. 43918.  2429. 11851.   364.     0.   347.], target [52885. 33122.     0. 29479.  2317.     0.     0.     0.     0.]
[2025-09-19 01:56:56,667 validation.py line 626] Raw stats All: intersection [403092. 273529.  13589.  65020. 132590.  15049.  20880.  96303.  35051.
  48219.      0.      0.  18721.  16928.    890.      0.      0.      0.
      0.], union [5.27744e+05 3.37862e+05 2.67010e+04 8.05200e+04 1.79990e+05 2.22790e+04
 4.43950e+04 1.40741e+05 5.30520e+04 5.39480e+04 3.31220e+04 9.84000e+03
 4.39180e+04 3.05760e+04 2.42900e+03 1.18510e+04 3.64000e+02 0.00000e+00
 3.47000e+02], target [473713. 302941.  16966.  72862. 139646.  17941.  38456. 110037.  50416.
  52885.  33122.      0.  29479.  28989.   2317.      0.      0.      0.
      0.]
[2025-09-19 01:56:56,667 validation.py line 631] Val 2d result: mIoU_Base/mAcc_Base/allAcc_Base 0.6671/0.7933/0.8563.
[2025-09-19 01:56:56,667 validation.py line 636] Val 2d result: mIoU_Novel/mAcc_Novel/allAcc_Novel 0.1874/0.2146/0.5758.
[2025-09-19 01:56:56,667 validation.py line 643] Val 2d result: mIoU_All/mAcc_All/allAcc_All 0.4399/0.5191/0.8322.
[2025-09-19 01:56:56,667 validation.py line 649] iou_class_Base '[0.7638022  0.80958796 0.50893223 0.80750126 0.736652   0.6754792
 0.47032323 0.6842569  0.6606914  0.55363685]'
[2025-09-19 01:56:56,667 validation.py line 650] iou_class_Novel '[0.89380515 0.         0.         0.42627168 0.36640593 0.
 0.         0.         0.        ]'
[2025-09-19 01:56:56,668 validation.py line 651] iou_class_All '[0.7638022  0.80958796 0.50893223 0.80750126 0.736652   0.6754792
 0.47032323 0.6842569  0.6606914  0.89380515 0.         0.
 0.42627168 0.55363685 0.36640593 0.         0.         0.
 0.        ]'
Procressing 87 views
[2025-09-19 01:57:20,047 validation.py line 570] Process: [11/12]
[2025-09-19 01:57:20,051 validation.py line 620] Raw stats Base: intersection [409635. 278987.  15457.  65020. 132590.  15049.  20880.  99015.  35437.
  16928.], union [539876. 346124.  29966.  80520. 179990.  22279.  44395. 144440.  53593.
  30576.], target [485496. 308399.  19733.  72862. 139646.  17941.  38456. 113160.  50925.
  28989.]
[2025-09-19 01:57:20,052 validation.py line 623] Raw stats Novel: intersection [48219.     0.     0. 18721.   890.     0.  1312.   214.  1330.], union [53948. 33122. 10310. 43918.  2449. 11851.  1968.  3273.  3108.], target [52885. 33122.     0. 29479.  2317.     0.  1531.   235.  2519.]
[2025-09-19 01:57:20,052 validation.py line 626] Raw stats All: intersection [4.09635e+05 2.78987e+05 1.54570e+04 6.50200e+04 1.32590e+05 1.50490e+04
 2.08800e+04 9.90150e+04 3.54370e+04 4.82190e+04 0.00000e+00 0.00000e+00
 1.87210e+04 1.69280e+04 8.90000e+02 0.00000e+00 1.31200e+03 2.14000e+02
 1.33000e+03], union [539876. 346124.  29966.  80520. 179990.  22279.  44395. 144440.  53593.
  53948.  33122.  10310.  43918.  30576.   2449.  11851.   1968.   3273.
   3108.], target [4.85496e+05 3.08399e+05 1.97330e+04 7.28620e+04 1.39646e+05 1.79410e+04
 3.84560e+04 1.13160e+05 5.09250e+04 5.28850e+04 3.31220e+04 0.00000e+00
 2.94790e+04 2.89890e+04 2.31700e+03 0.00000e+00 1.53100e+03 2.35000e+02
 2.51900e+03]
[2025-09-19 01:57:20,052 validation.py line 631] Val 2d result: mIoU_Base/mAcc_Base/allAcc_Base 0.6671/0.7910/0.8537.
[2025-09-19 01:57:20,052 validation.py line 636] Val 2d result: mIoU_Novel/mAcc_Novel/allAcc_Novel 0.3159/0.4696/0.5790.
[2025-09-19 01:57:20,052 validation.py line 643] Val 2d result: mIoU_All/mAcc_All/allAcc_All 0.5008/0.6388/0.8297.
[2025-09-19 01:57:20,052 validation.py line 649] iou_class_Base '[0.7587576  0.80603194 0.51581794 0.80750126 0.736652   0.6754792
 0.47032323 0.68550956 0.6612244  0.55363685]'
[2025-09-19 01:57:20,052 validation.py line 650] iou_class_Novel '[0.89380515 0.         0.         0.42627168 0.36341363 0.
 0.6666667  0.06538344 0.42792794]'
[2025-09-19 01:57:20,052 validation.py line 651] iou_class_All '[0.7587576  0.80603194 0.51581794 0.80750126 0.736652   0.6754792
 0.47032323 0.68550956 0.6612244  0.89380515 0.         0.
 0.42627168 0.55363685 0.36341363 0.         0.6666667  0.06538344
 0.42792794]'
scene_name: scene0050_02
scene_name: scene0144_01
scene_name: scene0221_01
scene_name: scene0300_01
scene_name: scene0354_00
scene_name: scene0389_00
scene_name: scene0423_02
scene_name: scene0427_00
scene_name: scene0494_00
scene_name: scene0616_00
scene_name: scene0645_02
scene_name: scene0693_00
[2025-09-19 01:57:21,995 validation.py line 389] ==> Train/Eval done!
