/opt/conda/envs/xmask3d/lib/python3.9/site-packages/MinkowskiEngine/__init__.py:36: UserWarning: The environment variable `OMP_NUM_THREADS` not set. MinkowskiEngine will automatically set `OMP_NUM_THREADS=16`. If you want to set `OMP_NUM_THREADS` manually, please export it on the command line before running a python script. e.g. `export OMP_NUM_THREADS=12; python your_program.py`. It is recommended to set it below 24.
  warnings.warn(
/opt/conda/envs/xmask3d/lib/python3.9/site-packages/scipy/__init__.py:146: UserWarning: A NumPy version >=1.16.5 and <1.23.0 is required for this version of SciPy (detected version 1.26.4
  warnings.warn(f"A NumPy version >={np_minversion} and <{np_maxversion}"
/root/code/XMask3D/third_party/X-Decoder/xdecoder/modeling/vision/encoder/transformer_encoder_deform.py:317: FutureWarning: `torch.cuda.amp.autocast(args...)` is deprecated. Please use `torch.amp.autocast('cuda', args...)` instead.
  @autocast(enabled=False)
/opt/conda/envs/xmask3d/lib/python3.9/site-packages/kornia/feature/lightglue.py:30: FutureWarning: `torch.cuda.amp.custom_fwd(args...)` is deprecated. Please use `torch.amp.custom_fwd(args..., device_type='cuda')` instead.
  @torch.cuda.amp.custom_fwd(cast_inputs=torch.float32)
scene:
  scene_path: data/ScanNet
  dataset_name: scannet20
  test_cameras: false
  colmap_images: images
  colmap_eval_hold: 8
  downscale_ratio: 1
  white_background: false
  device: cuda:0
pipeline:
  convert_shs_python: false
  compute_cov3d_python: false
  debug: false
  seed: 0
model:
  sh_degree: 3
  model_dir: gaussians_model
  dynamic: false
  load_iteration: -1
  device: cuda:0
  num_workers: 0
fusion:
  img_dim:
  - 648
  - 484
  num_workers: 8
  model_2d: lseg
  depth: render
  depth_scale: 1000.0
  visibility_threshold: 0.05
  cut_boundary: 10
  n_split_points: 999999999
  num_rand_file_per_scene: 1
  out_dir: output_fusion
caption_head:
  NAME: CaptionHead
  POOLING_TYPE: avg
  FEAT_NORM: true
  LOGIT_SCALE:
    value: 100.0
    learnable: true
  CUDA_ENABLED: true
  POOL_OBJ: score
  LOSS_FUNC: NLL_NoReduce
  LOSS_WEIGHT:
    SCENE: 0.1
    VIEW: 0.5
    ENTITY: 0.1
  DIV_N_CAP: false
  DIV_MODE: none
  NOVEL_GRAD_ONLY: true
CAPTION_INFO:
  KEY:
  - SCENE
  - VIEW
  - ENTITY
  SCENE:
    ENABLED: false
    GATHER_CAPTION: true
  VIEW:
    ENABLED: true
    IMAGE_CORR_PATH: data/caption/small/scannet_view_matching_idx.pkl
    SELECT: ratio
    NUM: 1
    RATIO: 0.5
    GATHER_CAPTION: true
  ENTITY:
    ENABLED: true
    IMAGE_CORR_PATH: data/caption/small/caption_idx_small.pickle
    SELECT: ratio
    NUM: 1
    RATIO: 1.0
    GATHER_CAPTION: true
  CAPTION_CORR_PATH_IN_ONE_FILE: true
--config: config/scannet/xmask3d_scannet_B10N9.yaml
save_path: null
xdecoder_test/out/orihybgeo: null
resume: null
xdecoder_test/out/orihybgeo/model/affinity_predictor_epoch_34:
  pth: null

Loading teacher models...
/root/code/XMask3D/third_party/X-Decoder/xdecoder/modeling/BaseModel.py:26: FutureWarning: You are using `torch.load` with `weights_only=False` (the current default value), which uses the default pickle module implicitly. It is possible to construct malicious pickle data which will execute arbitrary code during unpickling (See https://github.com/pytorch/pytorch/blob/main/SECURITY.md#untrusted-models for more details). In a future release, the default value for `weights_only` will be flipped to `True`. This limits the functions that could be executed during unpickling. Arbitrary objects will no longer be allowed to be loaded via this mode unless they are explicitly allowlisted by the user via `torch.serialization.add_safe_globals`. We recommend you start setting `weights_only=True` for any use case where you don't have full control of the loaded file. Please open an issue on GitHub for any issues related to this experimental feature.
  state_dict = torch.load(load_dir, map_location=self.opt['device'])
Use prompt engineering: a XX in a scene
Final labelset: ['a wall in a scene', 'a floor in a scene', 'a cabinet in a scene', 'a bed in a scene', 'a chair in a scene', 'a sofa in a scene', 'a table in a scene', 'a door in a scene', 'a window in a scene', 'a bookshelf in a scene', 'a picture in a scene', 'a counter in a scene', 'a desk in a scene', 'a curtain in a scene', 'a refrigerator in a scene', 'a shower curtain in a scene', 'a toilet in a scene', 'a sink in a scene', 'a bathtub in a scene', 'background']
