/opt/conda/envs/xmask3d/lib/python3.9/site-packages/MinkowskiEngine/__init__.py:36: UserWarning: The environment variable `OMP_NUM_THREADS` not set. MinkowskiEngine will automatically set `OMP_NUM_THREADS=16`. If you want to set `OMP_NUM_THREADS` manually, please export it on the command line before running a python script. e.g. `export OMP_NUM_THREADS=12; python your_program.py`. It is recommended to set it below 24.
  warnings.warn(
/opt/conda/envs/xmask3d/lib/python3.9/site-packages/scipy/__init__.py:146: UserWarning: A NumPy version >=1.16.5 and <1.23.0 is required for this version of SciPy (detected version 1.26.4
  warnings.warn(f"A NumPy version >={np_minversion} and <{np_maxversion}"
/root/code/XMask3D/third_party/X-Decoder/xdecoder/modeling/vision/encoder/transformer_encoder_deform.py:317: FutureWarning: `torch.cuda.amp.autocast(args...)` is deprecated. Please use `torch.amp.autocast('cuda', args...)` instead.
  @autocast(enabled=False)
/opt/conda/envs/xmask3d/lib/python3.9/site-packages/kornia/feature/lightglue.py:30: FutureWarning: `torch.cuda.amp.custom_fwd(args...)` is deprecated. Please use `torch.amp.custom_fwd(args..., device_type='cuda')` instead.
  @torch.cuda.amp.custom_fwd(cast_inputs=torch.float32)
scene:
  scene_path: data/ScanNet
  dataset_name: scannet20
  test_cameras: false
  colmap_images: images
  colmap_eval_hold: 8
  downscale_ratio: 1
  white_background: false
  device: cuda:0
pipeline:
  convert_shs_python: false
  compute_cov3d_python: false
  debug: false
  seed: 0
model:
  sh_degree: 3
  model_dir: gaussians_model
  dynamic: false
  load_iteration: -1
  device: cuda:0
  num_workers: 0
fusion:
  img_dim:
  - 648
  - 484
  num_workers: 8
  model_2d: lseg
  depth: render
  depth_scale: 1000.0
  visibility_threshold: 0.05
  cut_boundary: 10
  n_split_points: 999999999
  num_rand_file_per_scene: 1
  out_dir: output_fusion
caption_head:
  NAME: CaptionHead
  POOLING_TYPE: avg
  FEAT_NORM: true
  LOGIT_SCALE:
    value: 100.0
    learnable: true
  CUDA_ENABLED: true
  POOL_OBJ: score
  LOSS_FUNC: NLL_NoReduce
  LOSS_WEIGHT:
    SCENE: 0.1
    VIEW: 0.5
    ENTITY: 0.1
  DIV_N_CAP: false
  DIV_MODE: none
  NOVEL_GRAD_ONLY: true
CAPTION_INFO:
  KEY:
  - SCENE
  - VIEW
  - ENTITY
  SCENE:
    ENABLED: false
    GATHER_CAPTION: true
  VIEW:
    ENABLED: true
    IMAGE_CORR_PATH: data/caption/small/scannet_view_matching_idx.pkl
    SELECT: ratio
    NUM: 1
    RATIO: 0.5
    GATHER_CAPTION: true
  ENTITY:
    ENABLED: true
    IMAGE_CORR_PATH: data/caption/small/caption_idx_small.pickle
    SELECT: ratio
    NUM: 1
    RATIO: 1.0
    GATHER_CAPTION: true
  CAPTION_CORR_PATH_IN_ONE_FILE: true
--config: config/scannet/xmask3d_scannet_B10N9.yaml
save_path: null
xdecoder_test/out/orihybgeo: null
resume: null
xdecoder_test/out/orihybgeo/model/affinity_predictor_epoch_34:
  pth: null

Loading teacher models...
/root/code/XMask3D/third_party/X-Decoder/xdecoder/modeling/BaseModel.py:26: FutureWarning: You are using `torch.load` with `weights_only=False` (the current default value), which uses the default pickle module implicitly. It is possible to construct malicious pickle data which will execute arbitrary code during unpickling (See https://github.com/pytorch/pytorch/blob/main/SECURITY.md#untrusted-models for more details). In a future release, the default value for `weights_only` will be flipped to `True`. This limits the functions that could be executed during unpickling. Arbitrary objects will no longer be allowed to be loaded via this mode unless they are explicitly allowlisted by the user via `torch.serialization.add_safe_globals`. We recommend you start setting `weights_only=True` for any use case where you don't have full control of the loaded file. Please open an issue on GitHub for any issues related to this experimental feature.
  state_dict = torch.load(load_dir, map_location=self.opt['device'])
Use prompt engineering: a XX in a scene
Final labelset: ['a wall in a scene', 'a floor in a scene', 'a cabinet in a scene', 'a bed in a scene', 'a chair in a scene', 'a sofa in a scene', 'a table in a scene', 'a door in a scene', 'a window in a scene', 'a bookshelf in a scene', 'a picture in a scene', 'a counter in a scene', 'a desk in a scene', 'a curtain in a scene', 'a refrigerator in a scene', 'a shower curtain in a scene', 'a toilet in a scene', 'a sink in a scene', 'a bathtub in a scene', 'background']
X-Decoder teacher loaded and frozen.
Loading checkpoint from HuggingFace: sonata ...
Model params: 108.46M
Sonata teacher loaded and frozen.
AffinityPredictor student created.
[2025-09-19 01:07:24,139 validation.py line 169] all_label: ['wall', 'floor', 'cabinet', 'bed', 'chair', 'sofa', 'table', 'door', 'window', 'bookshelf', 'picture', 'counter', 'desk', 'curtain', 'refrigerator', 'shower curtain', 'toilet', 'sink', 'bathtub']
arch_3d: MinkUNet34C
arch_binary_head: MinkUNet18A
aug: False
base_ratio: 0.65
batch_size: 4
batch_size_val: 1
binary_2d_thresh: 0.5
cam:
  alignment_dim: 512
  enable: True
  kl_temperature: 1.2
  loss_weight: 1.5
caption_contra: True
caption_contra_2d_pre: True
caption_contra_3d: True
caption_path: data/caption/caption_view_scannet_vit-gpt2-image-captioning_.json
category_split:
  all_category: [0, 1, 2, 3, 4, 5, 6, 7, 8, 9, 10, 11, 12, 13, 14, 15, 16, 17, 18]
  base_category: [0, 1, 2, 3, 4, 5, 6, 7, 8, 13]
  ignore_category: [19, 20]
  novel_category: [9, 10, 11, 12, 14, 15, 16, 17, 18]
classes: 10
clip_name: ViT-L-14
data_ratio: 0.5
data_root: data/scannet_3d
data_root_2d: data/scannet_2d
dist_backend: nccl
dist_url: tcp://127.0.0.1:6745
distributed: False
entity_gt:
  contrastive_temp: 0.07
  enable: True
entity_path: data/caption/small/caption_entity_scannet_vit-gpt2-image-captioning_small.json
epochs: 100
eval_freq: 2
evaluate: True
ignore_label: 10
infer_batch_size_val: 1
infer_gpu: [0]
infer_workers: 1
input_color: True
label: ['wall', 'floor', 'cabinet', 'bed', 'chair', 'sofa', 'table', 'door', 'window', 'curtain']
label_2d: [1, 2, 3, 4, 5, 6, 7, 8, 9, 10, 11, 12, 14, 16, 24, 28, 33, 34, 36, 39]
learning_rate_type: cosine
loop: 16
loss_weight:
  entity_gt_loss: 1.5
  loss_3d: 4
  loss_3d_contra: 1
  loss_3d_pure: 4
  loss_binary: 10
  loss_explicit_contra: 1.5
  loss_explicit_contra_2d_pre: 4
  loss_explicit_contra_3d: 1.5
  pseudo_label: 1
lr_3d: 0.0001
lr_others: 0.0001
lseg_model_path: pretrained/weights/lseg/demo_e200.ckpt
manual_seed: 5557
mask_contra_3d: True
mask_shape: [484, 648]
momentum: 0.9
multiprocessing_distributed: False
ngpus_per_node: 1
novel_ratio: 0.2
num_queries: 200
pixel_mean: [0.0, 0.0, 0.0]
pixel_std: [255.0, 255.0, 255.0]
power: 0.9
print_freq: 10
prompt_eng: True
pseudo_label:
  enable: True
  infer_boost_only_novel_pred: False
  infer_caption_boost_factor: 0.3
  infer_use_caption_boost: True
  scores_keep_thresh: 0.05
  temperature: 0.07
  use_view_entities: True
rank: 0
resume: xdecoder_test/out/orihybgeo/model/affinity_predictor_epoch_34.pth
save_freq: 1
save_path: xdecoder_test/out/orihybgeo
scannet200: False
scores_keep_thresh: 0
scores_threshold: 0.0
start_contra: 0
start_epoch: 0
test_classes: 19
test_ignore_label: [19, 20]
train_gpu: [0]
train_s: True
use_ape: False
use_shm: False
val_keep: 10000000
voxel_size: 0.02
warmup_epochs: 2
weight_decay: 1e-05
workers: 2
world_size: 1
[2025-09-19 01:07:24,139 validation.py line 170] => creating model ...
[2025-09-19 01:07:24,139 validation.py line 174] => setting up optimizer with differential learning rates...
[2025-09-19 01:07:24,159 validation.py line 212] => loading checkpoint 'xdecoder_test/out/orihybgeo/model/affinity_predictor_epoch_34.pth'
/root/code/XMask3D/xdecoder_test/validation.py:215: FutureWarning: You are using `torch.load` with `weights_only=False` (the current default value), which uses the default pickle module implicitly. It is possible to construct malicious pickle data which will execute arbitrary code during unpickling (See https://github.com/pytorch/pytorch/blob/main/SECURITY.md#untrusted-models for more details). In a future release, the default value for `weights_only` will be flipped to `True`. This limits the functions that could be executed during unpickling. Arbitrary objects will no longer be allowed to be loaded via this mode unless they are explicitly allowlisted by the user via `torch.serialization.add_safe_globals`. We recommend you start setting `weights_only=True` for any use case where you don't have full control of the loaded file. Please open an issue on GitHub for any issues related to this experimental feature.
  checkpoint = torch.load(args.resume, map_location=device)
[2025-09-19 01:07:24,605 validation.py line 256] => loaded checkpoint 'xdecoder_test/out/orihybgeo/model/affinity_predictor_epoch_34.pth' (will start from epoch 35)
Loading files based on specific_ids: ['scene0050_02', 'scene0144_01', 'scene0221_01', 'scene0300_01', 'scene0354_00', 'scene0389_00', 'scene0423_02', 'scene0427_00', 'scene0494_00', 'scene0616_00', 'scene0645_02', 'scene0693_00']
Loaded 12 files based on specific_ids
Preprocessing dataset to create (scene, view) samples...
Loading scene configs:   0%|          | 0/12 [00:00<?, ?it/s]Found pose directory, assuming ScanNet data set!
Loading Training Cameras...
Loading Test Cameras...
Loading scene configs:   8%|▊         | 1/12 [00:34<06:14, 34.06s/it]Found pose directory, assuming ScanNet data set!
Loading Training Cameras...
Loading Test Cameras...
Loading scene configs:  17%|█▋        | 2/12 [00:37<02:38, 15.81s/it]Found pose directory, assuming ScanNet data set!
Loading Training Cameras...
Loading Test Cameras...
Loading scene configs:  25%|██▌       | 3/12 [00:44<01:47, 11.92s/it]Found pose directory, assuming ScanNet data set!
Loading Training Cameras...
Loading Test Cameras...
Loading scene configs:  33%|███▎      | 4/12 [00:57<01:40, 12.56s/it]Found pose directory, assuming ScanNet data set!
Loading Training Cameras...
Loading Test Cameras...
Loading scene configs:  42%|████▏     | 5/12 [01:00<01:02,  8.94s/it]Found pose directory, assuming ScanNet data set!
Loading Training Cameras...
Loading Test Cameras...
Loading scene configs:  50%|█████     | 6/12 [01:12<01:00, 10.10s/it]Found pose directory, assuming ScanNet data set!
Loading Training Cameras...
Loading Test Cameras...
Loading scene configs:  58%|█████▊    | 7/12 [01:19<00:44,  8.97s/it]Found pose directory, assuming ScanNet data set!
Loading Training Cameras...
Loading Test Cameras...
Loading scene configs:  67%|██████▋   | 8/12 [01:28<00:36,  9.11s/it]Found pose directory, assuming ScanNet data set!
Loading Training Cameras...
Loading Test Cameras...
Loading scene configs:  75%|███████▌  | 9/12 [01:33<00:23,  7.83s/it]Found pose directory, assuming ScanNet data set!
Loading Training Cameras...
Loading Test Cameras...
Loading scene configs:  83%|████████▎ | 10/12 [02:11<00:33, 16.88s/it]Found pose directory, assuming ScanNet data set!
Loading Training Cameras...
Loading Test Cameras...
Loading scene configs:  92%|█████████▏| 11/12 [02:37<00:19, 19.89s/it]Found pose directory, assuming ScanNet data set!
Loading Training Cameras...
Loading Test Cameras...
Loading scene configs: 100%|██████████| 12/12 [02:50<00:00, 17.64s/it]Loading scene configs: 100%|██████████| 12/12 [02:50<00:00, 14.19s/it]
Dataset created with 1072 total views.
[2025-09-19 01:10:15,057 validation.py line 364] => setting up learning rate scheduler (Warmup + Cosine Annealing)...
/opt/conda/envs/xmask3d/lib/python3.9/site-packages/scipy/__init__.py:146: UserWarning: A NumPy version >=1.16.5 and <1.23.0 is required for this version of SciPy (detected version 1.26.4
  warnings.warn(f"A NumPy version >={np_minversion} and <{np_maxversion}"
/root/code/XMask3D/third_party/X-Decoder/xdecoder/modeling/vision/encoder/transformer_encoder_deform.py:317: FutureWarning: `torch.cuda.amp.autocast(args...)` is deprecated. Please use `torch.amp.autocast('cuda', args...)` instead.
  @autocast(enabled=False)
/opt/conda/envs/xmask3d/lib/python3.9/site-packages/kornia/feature/lightglue.py:30: FutureWarning: `torch.cuda.amp.custom_fwd(args...)` is deprecated. Please use `torch.amp.custom_fwd(args..., device_type='cuda')` instead.
  @torch.cuda.amp.custom_fwd(cast_inputs=torch.float32)
/root/code/XMask3D/dataset/data_loader_ablation.py:210: FutureWarning: You are using `torch.load` with `weights_only=False` (the current default value), which uses the default pickle module implicitly. It is possible to construct malicious pickle data which will execute arbitrary code during unpickling (See https://github.com/pytorch/pytorch/blob/main/SECURITY.md#untrusted-models for more details). In a future release, the default value for `weights_only` will be flipped to `True`. This limits the functions that could be executed during unpickling. Arbitrary objects will no longer be allowed to be loaded via this mode unless they are explicitly allowlisted by the user via `torch.serialization.add_safe_globals`. We recommend you start setting `weights_only=True` for any use case where you don't have full control of the loaded file. Please open an issue on GitHub for any issues related to this experimental feature.
  locs_in, feats_in, labels_in = torch.load(scene_data_path)
/opt/conda/envs/xmask3d/lib/python3.9/site-packages/imageio/plugins/pillow.py:320: UserWarning: Loading 16-bit (uint16) PNG as int32 due to limitations in pillow's PNG decoder. This will be fixed in a future version of pillow which will make this warning dissapear.
  warnings.warn(
Procressing 219 views
[2025-09-19 01:13:17,090 validation.py line 570] Process: [0/12]
[2025-09-19 01:13:17,098 validation.py line 620] Raw stats Base: intersection [50790. 18456.     0.     0. 10389.  6835.     0. 41574.     0.     0.], union [60653. 23146.  3016.     0. 16704. 11712.  4217. 53602.   773.   352.], target [59974. 20236.     0.     0. 11301.  8320.  3777. 47943.     0.     0.]
[2025-09-19 01:13:17,099 validation.py line 623] Raw stats Novel: intersection [   0.    0.    0. 2019.   30.    0.    0.    0.    0.], union [ 196.    0.   15. 5170.  887. 2982.    0.    0.    0.], target [   0.    0.    0. 4343.  865.    0.    0.    0.    0.]
[2025-09-19 01:13:17,099 validation.py line 626] Raw stats All: intersection [5.0790e+04 1.8456e+04 0.0000e+00 0.0000e+00 1.0389e+04 6.8350e+03
 0.0000e+00 4.1574e+04 0.0000e+00 0.0000e+00 0.0000e+00 0.0000e+00
 2.0190e+03 0.0000e+00 3.0000e+01 0.0000e+00 0.0000e+00 0.0000e+00
 0.0000e+00], union [6.0653e+04 2.3146e+04 3.0160e+03 0.0000e+00 1.6704e+04 1.1712e+04
 4.2170e+03 5.3602e+04 7.7300e+02 1.9600e+02 0.0000e+00 1.5000e+01
 5.1700e+03 3.5200e+02 8.8700e+02 2.9820e+03 0.0000e+00 0.0000e+00
 0.0000e+00], target [59974. 20236.     0.     0. 11301.  8320.  3777. 47943.     0.     0.
     0.     0.  4343.     0.   865.     0.     0.     0.     0.]
[2025-09-19 01:13:17,099 validation.py line 631] Val 2d result: mIoU_Base/mAcc_Base/allAcc_Base 0.3616/0.4367/0.8449.
[2025-09-19 01:13:17,099 validation.py line 636] Val 2d result: mIoU_Novel/mAcc_Novel/allAcc_Novel 0.0471/0.0555/0.3934.
[2025-09-19 01:13:17,099 validation.py line 643] Val 2d result: mIoU_All/mAcc_All/allAcc_All 0.2126/0.2561/0.8299.
[2025-09-19 01:13:17,099 validation.py line 649] iou_class_Base '[0.8373864 0.7973732 0.        0.        0.6219468 0.5835895 0.
 0.7756054 0.        0.       ]'
[2025-09-19 01:13:17,099 validation.py line 650] iou_class_Novel '[0.         0.         0.         0.39052224 0.03382187 0.
 0.         0.         0.        ]'
[2025-09-19 01:13:17,100 validation.py line 651] iou_class_All '[0.8373864  0.7973732  0.         0.         0.6219468  0.5835895
 0.         0.7756054  0.         0.         0.         0.
 0.39052224 0.         0.03382187 0.         0.         0.
 0.        ]'
Procressing 68 views
[2025-09-19 01:13:52,782 validation.py line 570] Process: [1/12]
[2025-09-19 01:13:52,790 validation.py line 620] Raw stats Base: intersection [71084. 27984.     0.  6590. 17820.  6835.     0. 44371.  4384.  3151.], union [85227. 36410.  3650.  8443. 28244. 11712.  4399. 58307.  6171.  5075.], target [83111. 32568.     0.  7982. 18892.  8320.  3777. 52463.  4393.  4719.]
[2025-09-19 01:13:52,790 validation.py line 623] Raw stats Novel: intersection [   0.    0.    0. 5616.   30.    0.    0.    0.    0.], union [1034.    0.   94. 9952.  925. 3522.    0.    0.    0.], target [   0.    0.    0. 8425.  865.    0.    0.    0.    0.]
[2025-09-19 01:13:52,791 validation.py line 626] Raw stats All: intersection [7.1084e+04 2.7984e+04 0.0000e+00 6.5900e+03 1.7820e+04 6.8350e+03
 0.0000e+00 4.4371e+04 4.3840e+03 0.0000e+00 0.0000e+00 0.0000e+00
 5.6160e+03 3.1510e+03 3.0000e+01 0.0000e+00 0.0000e+00 0.0000e+00
 0.0000e+00], union [85227. 36410.  3650.  8443. 28244. 11712.  4399. 58307.  6171.  1034.
     0.    94.  9952.  5075.   925.  3522.     0.     0.     0.], target [83111. 32568.     0.  7982. 18892.  8320.  3777. 52463.  4393.     0.
     0.     0.  8425.  4719.   865.     0.     0.     0.     0.]
[2025-09-19 01:13:52,791 validation.py line 631] Val 2d result: mIoU_Base/mAcc_Base/allAcc_Base 0.5690/0.6816/0.8427.
[2025-09-19 01:13:52,791 validation.py line 636] Val 2d result: mIoU_Novel/mAcc_Novel/allAcc_Novel 0.0663/0.0779/0.6078.
[2025-09-19 01:13:52,791 validation.py line 643] Val 2d result: mIoU_All/mAcc_All/allAcc_All 0.3309/0.3957/0.8330.
[2025-09-19 01:13:52,791 validation.py line 649] iou_class_Base '[0.83405495 0.7685801  0.         0.78052825 0.6309305  0.5835895
 0.         0.76098925 0.7104197  0.6208867 ]'
[2025-09-19 01:13:52,791 validation.py line 650] iou_class_Novel '[0.         0.         0.         0.5643087  0.03243243 0.
 0.         0.         0.        ]'
[2025-09-19 01:13:52,792 validation.py line 651] iou_class_All '[0.83405495 0.7685801  0.         0.78052825 0.6309305  0.5835895
 0.         0.76098925 0.7104197  0.         0.         0.
 0.5643087  0.6208867  0.03243243 0.         0.         0.
 0.        ]'
Procressing 39 views
[2025-09-19 01:14:28,070 validation.py line 570] Process: [2/12]
[2025-09-19 01:14:28,079 validation.py line 620] Raw stats Base: intersection [102596.  57051.   1240.  27024.  24304.   6835.   1214.  52971.   4384.
   3924.], union [129274.  75490.   7994.  33798.  40559.  11712.   6767.  69232.   6171.
   6771.], target [122860.  65206.   3043.  30466.  26462.   8320.   6015.  61839.   4393.
   6411.]
[2025-09-19 01:14:28,080 validation.py line 623] Raw stats Novel: intersection [   0.    0.    0. 6037.   30.    0.    0.    0.    0.], union [ 1034.  2572.  4197. 15465.   945.  3618.   282.     0.   153.], target [    0.  2572.     0. 13370.   865.     0.     0.     0.     0.]
[2025-09-19 01:14:28,080 validation.py line 626] Raw stats All: intersection [1.02596e+05 5.70510e+04 1.24000e+03 2.70240e+04 2.43040e+04 6.83500e+03
 1.21400e+03 5.29710e+04 4.38400e+03 0.00000e+00 0.00000e+00 0.00000e+00
 6.03700e+03 3.92400e+03 3.00000e+01 0.00000e+00 0.00000e+00 0.00000e+00
 0.00000e+00], union [129274.  75490.   7994.  33798.  40559.  11712.   6767.  69232.   6171.
   1034.   2572.   4197.  15465.   6771.    945.   3618.    282.      0.
    153.], target [122860.  65206.   3043.  30466.  26462.   8320.   6015.  61839.   4393.
      0.   2572.      0.  13370.   6411.    865.      0.      0.      0.
      0.]
[2025-09-19 01:14:28,080 validation.py line 631] Val 2d result: mIoU_Base/mAcc_Base/allAcc_Base 0.5921/0.7413/0.8404.
[2025-09-19 01:14:28,080 validation.py line 636] Val 2d result: mIoU_Novel/mAcc_Novel/allAcc_Novel 0.0469/0.0540/0.3610.
[2025-09-19 01:14:28,080 validation.py line 643] Val 2d result: mIoU_All/mAcc_All/allAcc_All 0.3339/0.4157/0.8175.
[2025-09-19 01:14:28,080 validation.py line 649] iou_class_Base '[0.79363215 0.7557425  0.15511633 0.79957396 0.5992258  0.5835895
 0.17940003 0.76512307 0.7104197  0.57953036]'
[2025-09-19 01:14:28,081 validation.py line 650] iou_class_Novel '[0.         0.         0.         0.39036533 0.03174603 0.
 0.         0.         0.        ]'
[2025-09-19 01:14:28,081 validation.py line 651] iou_class_All '[0.79363215 0.7557425  0.15511633 0.79957396 0.5992258  0.5835895
 0.17940003 0.76512307 0.7104197  0.         0.         0.
 0.39036533 0.57953036 0.03174603 0.         0.         0.
 0.        ]'
Procressing 88 views
[2025-09-19 01:15:26,491 validation.py line 570] Process: [3/12]
[2025-09-19 01:15:26,500 validation.py line 620] Raw stats Base: intersection [125783.  85713.   1240.  27024.  30263.   6835.   1214.  52971.  21252.
   3924.], union [168815. 107303.   9389.  33798.  47693.  11712.   7692.  69829.  28721.
   6771.], target [152007.  93935.   3043.  30466.  32945.   8320.   6015.  61839.  26929.
   6411.]
[2025-09-19 01:15:26,501 validation.py line 623] Raw stats Novel: intersection [4.8173e+04 0.0000e+00 0.0000e+00 1.3574e+04 3.0000e+01 0.0000e+00
 0.0000e+00 0.0000e+00 0.0000e+00], union [53942.  6838.  9858. 26857.   945.  3618.   282.     0.   153.], target [52885.  6838.     0. 23608.   865.     0.     0.     0.     0.]
[2025-09-19 01:15:26,501 validation.py line 626] Raw stats All: intersection [1.25783e+05 8.57130e+04 1.24000e+03 2.70240e+04 3.02630e+04 6.83500e+03
 1.21400e+03 5.29710e+04 2.12520e+04 4.81730e+04 0.00000e+00 0.00000e+00
 1.35740e+04 3.92400e+03 3.00000e+01 0.00000e+00 0.00000e+00 0.00000e+00
 0.00000e+00], union [1.68815e+05 1.07303e+05 9.38900e+03 3.37980e+04 4.76930e+04 1.17120e+04
 7.69200e+03 6.98290e+04 2.87210e+04 5.39420e+04 6.83800e+03 9.85800e+03
 2.68570e+04 6.77100e+03 9.45000e+02 3.61800e+03 2.82000e+02 0.00000e+00
 1.53000e+02], target [152007.  93935.   3043.  30466.  32945.   8320.   6015.  61839.  26929.
  52885.   6838.      0.  23608.   6411.    865.      0.      0.      0.
      0.]
[2025-09-19 01:15:26,501 validation.py line 631] Val 2d result: mIoU_Base/mAcc_Base/allAcc_Base 0.5930/0.7234/0.8443.
[2025-09-19 01:15:26,501 validation.py line 636] Val 2d result: mIoU_Novel/mAcc_Novel/allAcc_Novel 0.1589/0.1690/0.7337.
[2025-09-19 01:15:26,501 validation.py line 643] Val 2d result: mIoU_All/mAcc_All/allAcc_All 0.3874/0.4608/0.8259.
[2025-09-19 01:15:26,501 validation.py line 649] iou_class_Base '[0.74509376 0.7987941  0.13206944 0.79957396 0.6345376  0.5835895
 0.15782632 0.7585817  0.73994637 0.57953036]'
[2025-09-19 01:15:26,501 validation.py line 650] iou_class_Novel '[0.8930518  0.         0.         0.5054176  0.03174603 0.
 0.         0.         0.        ]'
[2025-09-19 01:15:26,502 validation.py line 651] iou_class_All '[0.74509376 0.7987941  0.13206944 0.79957396 0.6345376  0.5835895
 0.15782632 0.7585817  0.73994637 0.8930518  0.         0.
 0.5054176  0.57953036 0.03174603 0.         0.         0.
 0.        ]'
Procressing 57 views
[2025-09-19 01:15:55,129 validation.py line 570] Process: [4/12]
[2025-09-19 01:15:55,136 validation.py line 620] Raw stats Base: intersection [152334. 105345.   1240.  27024.  52724.   6835.   2828.  55500.  22234.
   3924.], union [199583. 141238.   9638.  33798.  79415.  11712.  14634.  77929.  35190.
   6771.], target [180927. 125106.   3043.  30466.  55459.   8320.  12946.  64779.  33094.
   6411.]
[2025-09-19 01:15:55,136 validation.py line 623] Raw stats Novel: intersection [4.8173e+04 0.0000e+00 0.0000e+00 1.3574e+04 3.0000e+01 0.0000e+00
 0.0000e+00 0.0000e+00 0.0000e+00], union [53942.  6838.  9874. 32169.   945.  3618.   282.     0.   153.], target [52885.  6838.     0. 23608.   865.     0.     0.     0.     0.]
[2025-09-19 01:15:55,137 validation.py line 626] Raw stats All: intersection [1.52334e+05 1.05345e+05 1.24000e+03 2.70240e+04 5.27240e+04 6.83500e+03
 2.82800e+03 5.55000e+04 2.22340e+04 4.81730e+04 0.00000e+00 0.00000e+00
 1.35740e+04 3.92400e+03 3.00000e+01 0.00000e+00 0.00000e+00 0.00000e+00
 0.00000e+00], union [1.99583e+05 1.41238e+05 9.63800e+03 3.37980e+04 7.94150e+04 1.17120e+04
 1.46340e+04 7.79290e+04 3.51900e+04 5.39420e+04 6.83800e+03 9.87400e+03
 3.21690e+04 6.77100e+03 9.45000e+02 3.61800e+03 2.82000e+02 0.00000e+00
 1.53000e+02], target [180927. 125106.   3043.  30466.  55459.   8320.  12946.  64779.  33094.
  52885.   6838.      0.  23608.   6411.    865.      0.      0.      0.
      0.]
[2025-09-19 01:15:55,137 validation.py line 631] Val 2d result: mIoU_Base/mAcc_Base/allAcc_Base 0.5802/0.7110/0.8260.
[2025-09-19 01:15:55,137 validation.py line 636] Val 2d result: mIoU_Novel/mAcc_Novel/allAcc_Novel 0.1496/0.1690/0.7337.
[2025-09-19 01:15:55,137 validation.py line 643] Val 2d result: mIoU_All/mAcc_All/allAcc_All 0.3762/0.4542/0.8132.
[2025-09-19 01:15:55,137 validation.py line 649] iou_class_Base '[0.7632614  0.7458687  0.1286574  0.79957396 0.6639048  0.5835895
 0.1932486  0.71218675 0.63182724 0.57953036]'
[2025-09-19 01:15:55,137 validation.py line 650] iou_class_Novel '[0.8930518  0.         0.         0.42195904 0.03174603 0.
 0.         0.         0.        ]'
[2025-09-19 01:15:55,137 validation.py line 651] iou_class_All '[0.7632614  0.7458687  0.1286574  0.79957396 0.6639048  0.5835895
 0.1932486  0.71218675 0.63182724 0.8930518  0.         0.
 0.42195904 0.57953036 0.03174603 0.         0.         0.
 0.        ]'
Procressing 71 views
[2025-09-19 01:16:44,478 validation.py line 570] Process: [5/12]
[2025-09-19 01:16:44,485 validation.py line 620] Raw stats Base: intersection [216575. 133010.   8425.  46848.  57483.   6835.   4561.  60382.  22234.
   7960.], union [279170. 175259.  18922.  57576.  87950.  11712.  17532.  89025.  35190.
  18740.], target [257432. 154345.  10760.  51901.  60642.   8320.  15777.  70838.  33094.
  18341.]
[2025-09-19 01:16:44,485 validation.py line 623] Raw stats Novel: intersection [48173.     0.     0. 13574.   892.     0.     0.     0.     0.], union [53942.  8329.  9883. 32169.  2471. 11695.   318.     0.   343.], target [52885.  8329.     0. 23608.  2317.     0.     0.     0.     0.]
[2025-09-19 01:16:44,486 validation.py line 626] Raw stats All: intersection [216575. 133010.   8425.  46848.  57483.   6835.   4561.  60382.  22234.
  48173.      0.      0.  13574.   7960.    892.      0.      0.      0.
      0.], union [279170. 175259.  18922.  57576.  87950.  11712.  17532.  89025.  35190.
  53942.   8329.   9883.  32169.  18740.   2471.  11695.    318.      0.
    343.], target [257432. 154345.  10760.  51901.  60642.   8320.  15777.  70838.  33094.
  52885.   8329.      0.  23608.  18341.   2317.      0.      0.      0.
      0.]
[2025-09-19 01:16:44,486 validation.py line 631] Val 2d result: mIoU_Base/mAcc_Base/allAcc_Base 0.6026/0.7405/0.8281.
[2025-09-19 01:16:44,486 validation.py line 636] Val 2d result: mIoU_Novel/mAcc_Novel/allAcc_Novel 0.1862/0.2079/0.7188.
[2025-09-19 01:16:44,486 validation.py line 643] Val 2d result: mIoU_All/mAcc_All/allAcc_All 0.4054/0.4882/0.8157.
[2025-09-19 01:16:44,486 validation.py line 649] iou_class_Base '[0.7757818  0.7589339  0.4452489  0.81367236 0.6535873  0.5835895
 0.26015288 0.6782589  0.63182724 0.42475986]'
[2025-09-19 01:16:44,486 validation.py line 650] iou_class_Novel '[0.8930518  0.         0.         0.42195904 0.36098745 0.
 0.         0.         0.        ]'
[2025-09-19 01:16:44,486 validation.py line 651] iou_class_All '[0.7757818  0.7589339  0.4452489  0.81367236 0.6535873  0.5835895
 0.26015288 0.6782589  0.63182724 0.8930518  0.         0.
 0.42195904 0.42475986 0.36098745 0.         0.         0.
 0.        ]'
Procressing 43 views
[2025-09-19 01:17:09,812 validation.py line 570] Process: [6/12]
[2025-09-19 01:17:09,821 validation.py line 620] Raw stats Base: intersection [216575. 167076.   8425.  46848.  75716.   6835.   6145.  60382.  22234.
   7960.], union [279173. 210013.  18922.  57576. 106685.  11712.  19299.  89025.  35190.
  18740.], target [257432. 188414.  10760.  51901.  79377.   8320.  17544.  70838.  33094.
  18341.]
[2025-09-19 01:17:09,821 validation.py line 623] Raw stats Novel: intersection [48173.     0.     0. 13574.   892.     0.     0.     0.     0.], union [53942.  8329.  9883. 32169.  2471. 11695.   318.     0.   343.], target [52885.  8329.     0. 23608.  2317.     0.     0.     0.     0.]
[2025-09-19 01:17:09,822 validation.py line 626] Raw stats All: intersection [216575. 167076.   8425.  46848.  75716.   6835.   6145.  60382.  22234.
  48173.      0.      0.  13574.   7960.    892.      0.      0.      0.
      0.], union [279173. 210013.  18922.  57576. 106685.  11712.  19299.  89025.  35190.
  53942.   8329.   9883.  32169.  18740.   2471.  11695.    318.      0.
    343.], target [257432. 188414.  10760.  51901.  79377.   8320.  17544.  70838.  33094.
  52885.   8329.      0.  23608.  18341.   2317.      0.      0.      0.
      0.]
[2025-09-19 01:17:09,822 validation.py line 631] Val 2d result: mIoU_Base/mAcc_Base/allAcc_Base 0.6177/0.7498/0.8399.
[2025-09-19 01:17:09,822 validation.py line 636] Val 2d result: mIoU_Novel/mAcc_Novel/allAcc_Novel 0.1862/0.2079/0.7188.
[2025-09-19 01:17:09,822 validation.py line 643] Val 2d result: mIoU_All/mAcc_All/allAcc_All 0.4133/0.4931/0.8271.
[2025-09-19 01:17:09,822 validation.py line 649] iou_class_Base '[0.77577347 0.79555076 0.4452489  0.81367236 0.70971555 0.5835895
 0.31841028 0.6782589  0.63182724 0.42475986]'
[2025-09-19 01:17:09,822 validation.py line 650] iou_class_Novel '[0.8930518  0.         0.         0.42195904 0.36098745 0.
 0.         0.         0.        ]'
[2025-09-19 01:17:09,822 validation.py line 651] iou_class_All '[0.77577347 0.79555076 0.4452489  0.81367236 0.70971555 0.5835895
 0.31841028 0.6782589  0.63182724 0.8930518  0.         0.
 0.42195904 0.42475986 0.36098745 0.         0.         0.
 0.        ]'
Procressing 66 views
[2025-09-19 01:17:37,766 validation.py line 570] Process: [7/12]
[2025-09-19 01:17:37,774 validation.py line 620] Raw stats Base: intersection [239284. 183980.   8425.  46848.  87591.   6835.   8600.  63448.  22234.
   7960.], union [309104. 232698.  18922.  57576. 124477.  11712.  22255.  92681.  37507.
  18740.], target [285288. 206963.  10760.  51901.  93014.   8320.  20006.  74190.  35411.
  18341.]
[2025-09-19 01:17:37,774 validation.py line 623] Raw stats Novel: intersection [48173.     0.     0. 13574.   892.     0.     0.     0.     0.], union [53942.  8329.  9883. 32169.  2471. 11695.   318.     0.   343.], target [52885.  8329.     0. 23608.  2317.     0.     0.     0.     0.]
[2025-09-19 01:17:37,775 validation.py line 626] Raw stats All: intersection [239284. 183980.   8425.  46848.  87591.   6835.   8600.  63448.  22234.
  48173.      0.      0.  13574.   7960.    892.      0.      0.      0.
      0.], union [309104. 232698.  18922.  57576. 124477.  11712.  22255.  92681.  37507.
  53942.   8329.   9883.  32169.  18740.   2471.  11695.    318.      0.
    343.], target [285288. 206963.  10760.  51901.  93014.   8320.  20006.  74190.  35411.
  52885.   8329.      0.  23608.  18341.   2317.      0.      0.      0.
      0.]
[2025-09-19 01:17:37,775 validation.py line 631] Val 2d result: mIoU_Base/mAcc_Base/allAcc_Base 0.6200/0.7524/0.8396.
[2025-09-19 01:17:37,775 validation.py line 636] Val 2d result: mIoU_Novel/mAcc_Novel/allAcc_Novel 0.1862/0.2079/0.7188.
[2025-09-19 01:17:37,775 validation.py line 643] Val 2d result: mIoU_All/mAcc_All/allAcc_All 0.4145/0.4944/0.8278.
[2025-09-19 01:17:37,775 validation.py line 649] iou_class_Base '[0.77412134 0.7906385  0.4452489  0.81367236 0.7036722  0.5835895
 0.38643003 0.68458474 0.592796   0.42475986]'
[2025-09-19 01:17:37,775 validation.py line 650] iou_class_Novel '[0.8930518  0.         0.         0.42195904 0.36098745 0.
 0.         0.         0.        ]'
[2025-09-19 01:17:37,775 validation.py line 651] iou_class_All '[0.77412134 0.7906385  0.4452489  0.81367236 0.7036722  0.5835895
 0.38643003 0.68458474 0.592796   0.8930518  0.         0.
 0.42195904 0.42475986 0.36098745 0.         0.         0.
 0.        ]'
Procressing 37 views
[2025-09-19 01:17:53,089 validation.py line 570] Process: [8/12]
[2025-09-19 01:17:53,095 validation.py line 620] Raw stats Base: intersection [255817. 204180.   8425.  46848.  96227.   6835.   8600.  66730.  22234.
   7960.], union [327968. 255420.  18922.  57576. 134195.  11712.  25098.  97552.  38433.
  18740.], target [303933. 227915.  10760.  51901. 101718.   8320.  22849.  77785.  36337.
  18341.]
[2025-09-19 01:17:53,095 validation.py line 623] Raw stats Novel: intersection [48173.     0.     0. 13574.   892.     0.     0.     0.     0.], union [53942.  8329.  9972. 34815.  2471. 11695.   318.     0.   343.], target [52885.  8329.     0. 23608.  2317.     0.     0.     0.     0.]
[2025-09-19 01:17:53,096 validation.py line 626] Raw stats All: intersection [255817. 204180.   8425.  46848.  96227.   6835.   8600.  66730.  22234.
  48173.      0.      0.  13574.   7960.    892.      0.      0.      0.
      0.], union [3.27968e+05 2.55420e+05 1.89220e+04 5.75760e+04 1.34195e+05 1.17120e+04
 2.50980e+04 9.75520e+04 3.84330e+04 5.39420e+04 8.32900e+03 9.97200e+03
 3.48150e+04 1.87400e+04 2.47100e+03 1.16950e+04 3.18000e+02 0.00000e+00
 3.43000e+02], target [303933. 227915.  10760.  51901. 101718.   8320.  22849.  77785.  36337.
  52885.   8329.      0.  23608.  18341.   2317.      0.      0.      0.
      0.]
[2025-09-19 01:17:53,096 validation.py line 631] Val 2d result: mIoU_Base/mAcc_Base/allAcc_Base 0.6169/0.7471/0.8418.
[2025-09-19 01:17:53,096 validation.py line 636] Val 2d result: mIoU_Novel/mAcc_Novel/allAcc_Novel 0.1827/0.2079/0.7188.
[2025-09-19 01:17:53,096 validation.py line 643] Val 2d result: mIoU_All/mAcc_All/allAcc_All 0.4112/0.4917/0.8305.
[2025-09-19 01:17:53,096 validation.py line 649] iou_class_Base '[0.780006   0.79938924 0.4452489  0.81367236 0.71706843 0.5835895
 0.3426568  0.68404543 0.57851326 0.42475986]'
[2025-09-19 01:17:53,096 validation.py line 650] iou_class_Novel '[0.8930518  0.         0.         0.38988942 0.36098745 0.
 0.         0.         0.        ]'
[2025-09-19 01:17:53,096 validation.py line 651] iou_class_All '[0.780006   0.79938924 0.4452489  0.81367236 0.71706843 0.5835895
 0.3426568  0.68404543 0.57851326 0.8930518  0.         0.
 0.38988942 0.42475986 0.36098745 0.         0.         0.
 0.        ]'
Procressing 151 views
[2025-09-19 01:19:59,947 validation.py line 570] Process: [9/12]
[2025-09-19 01:19:59,957 validation.py line 620] Raw stats Base: intersection [330205. 233094.   8425.  46848. 120426.   6835.  15080.  90636.  31515.
   7960.], union [440276. 289976.  18922.  57576. 161394.  11892.  32500. 132394.  48456.
  18740.], target [391476. 258316.  10760.  51901. 126597.   8320.  29618. 103638.  46132.
  18341.]
[2025-09-19 01:19:59,957 validation.py line 623] Raw stats Novel: intersection [48173.     0.     0. 13574.   892.     0.     0.     0.     0.], union [53942. 31527.  9972. 34815.  2471. 11695.   318.     0.   343.], target [52885. 31527.     0. 23608.  2317.     0.     0.     0.     0.]
[2025-09-19 01:19:59,958 validation.py line 626] Raw stats All: intersection [330205. 233094.   8425.  46848. 120426.   6835.  15080.  90636.  31515.
  48173.      0.      0.  13574.   7960.    892.      0.      0.      0.
      0.], union [4.40276e+05 2.89976e+05 1.89220e+04 5.75760e+04 1.61394e+05 1.18920e+04
 3.25000e+04 1.32394e+05 4.84560e+04 5.39420e+04 3.15270e+04 9.97200e+03
 3.48150e+04 1.87400e+04 2.47100e+03 1.16950e+04 3.18000e+02 0.00000e+00
 3.43000e+02], target [391476. 258316.  10760.  51901. 126597.   8320.  29618. 103638.  46132.
  52885.  31527.      0.  23608.  18341.   2317.      0.      0.      0.
      0.]
[2025-09-19 01:19:59,958 validation.py line 631] Val 2d result: mIoU_Base/mAcc_Base/allAcc_Base 0.6357/0.7705/0.8526.
[2025-09-19 01:19:59,958 validation.py line 636] Val 2d result: mIoU_Novel/mAcc_Novel/allAcc_Novel 0.1827/0.2079/0.5677.
[2025-09-19 01:19:59,958 validation.py line 643] Val 2d result: mIoU_All/mAcc_All/allAcc_All 0.4211/0.5040/0.8254.
[2025-09-19 01:19:59,958 validation.py line 649] iou_class_Base '[0.74999547 0.8038389  0.4452489  0.81367236 0.7461616  0.57475615
 0.464      0.68459296 0.65038383 0.42475986]'
[2025-09-19 01:19:59,958 validation.py line 650] iou_class_Novel '[0.8930518  0.         0.         0.38988942 0.36098745 0.
 0.         0.         0.        ]'
[2025-09-19 01:19:59,958 validation.py line 651] iou_class_All '[0.74999547 0.8038389  0.4452489  0.81367236 0.7461616  0.57475615
 0.464      0.68459296 0.65038383 0.8930518  0.         0.
 0.38988942 0.42475986 0.36098745 0.         0.         0.
 0.        ]'
Procressing 146 views
[2025-09-19 01:22:00,859 validation.py line 570] Process: [10/12]
[2025-09-19 01:22:00,865 validation.py line 620] Raw stats Base: intersection [403049. 273584.  13576.  64616. 132044.  15010.  20862.  96091.  34910.
  16969.], union [527825. 338969.  27096.  80526. 180257.  22266.  44864. 140058.  52992.
  30605.], target [473713. 302941.  16966.  72862. 139646.  17941.  38456. 110037.  50416.
  28989.]
[2025-09-19 01:22:00,866 validation.py line 623] Raw stats Novel: intersection [48173.     0.     0. 18441.   892.     0.     0.     0.     0.], union [53942. 33122.  9972. 43629.  2471. 11970.   416.     0.   343.], target [52885. 33122.     0. 29479.  2317.     0.     0.     0.     0.]
[2025-09-19 01:22:00,866 validation.py line 626] Raw stats All: intersection [403049. 273584.  13576.  64616. 132044.  15010.  20862.  96091.  34910.
  48173.      0.      0.  18441.  16969.    892.      0.      0.      0.
      0.], union [5.27825e+05 3.38969e+05 2.70960e+04 8.05260e+04 1.80257e+05 2.22660e+04
 4.48640e+04 1.40058e+05 5.29920e+04 5.39420e+04 3.31220e+04 9.97200e+03
 4.36290e+04 3.06050e+04 2.47100e+03 1.19700e+04 4.16000e+02 0.00000e+00
 3.43000e+02], target [473713. 302941.  16966.  72862. 139646.  17941.  38456. 110037.  50416.
  52885.  33122.      0.  29479.  28989.   2317.      0.      0.      0.
      0.]
[2025-09-19 01:22:00,866 validation.py line 631] Val 2d result: mIoU_Base/mAcc_Base/allAcc_Base 0.6645/0.7917/0.8552.
[2025-09-19 01:22:00,866 validation.py line 636] Val 2d result: mIoU_Novel/mAcc_Novel/allAcc_Novel 0.1863/0.2135/0.5730.
[2025-09-19 01:22:00,866 validation.py line 643] Val 2d result: mIoU_All/mAcc_All/allAcc_All 0.4380/0.5178/0.8310.
[2025-09-19 01:22:00,866 validation.py line 649] iou_class_Base '[0.76360345 0.80710626 0.50103337 0.8024241  0.7325319  0.674122
 0.46500534 0.68608004 0.65877867 0.5544519 ]'
[2025-09-19 01:22:00,867 validation.py line 650] iou_class_Novel '[0.8930518  0.         0.         0.42267758 0.36098745 0.
 0.         0.         0.        ]'
[2025-09-19 01:22:00,867 validation.py line 651] iou_class_All '[0.76360345 0.80710626 0.50103337 0.8024241  0.7325319  0.674122
 0.46500534 0.68608004 0.65877867 0.8930518  0.         0.
 0.42267758 0.5544519  0.36098745 0.         0.         0.
 0.        ]'
Procressing 87 views
[2025-09-19 01:22:26,621 validation.py line 570] Process: [11/12]
[2025-09-19 01:22:26,629 validation.py line 620] Raw stats Base: intersection [409552. 279042.  15432.  64616. 132044.  15010.  20862.  98922.  35363.
  16969.], union [539768. 347096.  30349.  80526. 180257.  22266.  44864. 143815.  53541.
  30605.], target [485496. 308399.  19733.  72862. 139646.  17941.  38456. 113160.  50925.
  28989.]
[2025-09-19 01:22:26,629 validation.py line 623] Raw stats Novel: intersection [48173.     0.     0. 18441.   892.     0.  1333.   213.  1330.], union [53942. 33122. 10469. 43629.  2495. 11970.  2034.  3335.  3113.], target [52885. 33122.     0. 29479.  2317.     0.  1531.   235.  2519.]
[2025-09-19 01:22:26,630 validation.py line 626] Raw stats All: intersection [4.09552e+05 2.79042e+05 1.54320e+04 6.46160e+04 1.32044e+05 1.50100e+04
 2.08620e+04 9.89220e+04 3.53630e+04 4.81730e+04 0.00000e+00 0.00000e+00
 1.84410e+04 1.69690e+04 8.92000e+02 0.00000e+00 1.33300e+03 2.13000e+02
 1.33000e+03], union [539768. 347096.  30349.  80526. 180257.  22266.  44864. 143815.  53541.
  53942.  33122.  10469.  43629.  30605.   2495.  11970.   2034.   3335.
   3113.], target [4.85496e+05 3.08399e+05 1.97330e+04 7.28620e+04 1.39646e+05 1.79410e+04
 3.84560e+04 1.13160e+05 5.09250e+04 5.28850e+04 3.31220e+04 0.00000e+00
 2.94790e+04 2.89890e+04 2.31700e+03 0.00000e+00 1.53100e+03 2.35000e+02
 2.51900e+03]
[2025-09-19 01:22:26,630 validation.py line 631] Val 2d result: mIoU_Base/mAcc_Base/allAcc_Base 0.6648/0.7896/0.8528.
[2025-09-19 01:22:26,630 validation.py line 636] Val 2d result: mIoU_Novel/mAcc_Novel/allAcc_Novel 0.3133/0.4696/0.5765.
[2025-09-19 01:22:26,630 validation.py line 643] Val 2d result: mIoU_All/mAcc_All/allAcc_All 0.4983/0.6380/0.8286.
[2025-09-19 01:22:26,630 validation.py line 649] iou_class_Base '[0.7587556  0.8039332  0.5084846  0.8024241  0.7325319  0.674122
 0.46500534 0.687842   0.6604845  0.5544519 ]'
[2025-09-19 01:22:26,630 validation.py line 650] iou_class_Novel '[0.8930518  0.         0.         0.42267758 0.35751504 0.
 0.6553589  0.06386807 0.4272406 ]'
[2025-09-19 01:22:26,630 validation.py line 651] iou_class_All '[0.7587556  0.8039332  0.5084846  0.8024241  0.7325319  0.674122
 0.46500534 0.687842   0.6604845  0.8930518  0.         0.
 0.42267758 0.5544519  0.35751504 0.         0.6553589  0.06386807
 0.4272406 ]'
scene_name: scene0050_02
scene_name: scene0144_01
scene_name: scene0221_01
scene_name: scene0300_01
scene_name: scene0354_00
scene_name: scene0389_00
scene_name: scene0423_02
scene_name: scene0427_00
scene_name: scene0494_00
scene_name: scene0616_00
scene_name: scene0645_02
scene_name: scene0693_00
[2025-09-19 01:22:28,742 validation.py line 389] ==> Train/Eval done!
